
-------------------------------------------------------------------
                Welcome to TARZAN (Version 2.1)
        Copyright (c) 2001 Tim Menzies (tim@menzies.com)
              Copy policy: GPL-2 (see www.gnu.org)

...while on high, our hero watches for the right chance to strike!
-------------------------------------------------------------------

skew=2
default: Now=true
default: Changes=true
Read 882 cases (9 attributes) from circ.data

	Worth=1.000000
	Granularity=2; Promising=-870.000000; Useful=1.000000
	Treatment:[No Treatment]

   0:                                [     0 -  0%] 
   1:                                [     0 -  0%] 
   2:                                [     0 -  0%] 
   3:                                [     0 -  0%] 
   4:~~~~~~~~~~~~                    [   144 - 16%] 
   5:~~~~~~~~~~~~~~~~~~~~~~~~~~~~~~  [   336 - 38%] 
   6:~~~~~~~~~~~~~~~~~~~~~~~~~       [   280 - 32%] 
   7:~~~~~~~~~                       [   104 - 12%] 
   8:~                               [    17 -  2%] 
   9:                                [     1 -  0%] 

	deltaf distribution:

 -950:~~~~~~~~~~~~                    [     2 - 11%] 
 -919:~~~~~~~~~~~~                    [     2 - 11%] 
 -902:~~~~~~~~~~~~~~~~~~~~~~~~~~~~~~  [     5 - 28%] 
 -870:~~~~~~~~~~~~                    [     2 - 11%] 
 -839:~~~~~~~~~~~~                    [     2 - 11%] 
   0:~~~~~~~~~~~~~~~~~~~~~~~~~~~~~~  [     5 - 28%] 

Treatments learned on circ.data:
worth=1.125000	[switch2a=on] 
worth=1.125000	[switch2c=on] 
worth=1.458333	[switch3a=off] 
worth=1.458333	[switch3c=off] 

	Worth=1.125000
	Granularity=2; Promising=-870.000000; Useful=1.000000
	Treatment:[
	switch2a=on]

   0:                                [     0 -  0%] 
   1:                                [     0 -  0%] 
   2:                                [     0 -  0%] 
   3:                                [     0 -  0%] 
   4:~~~~~~~~~~~~~                   [    48 - 16%] 
   5:~~~~~~~~~~~~~~~~~~~~~~~~~~~~~~  [   104 - 35%] 
   6:~~~~~~~~~~~~~~~~~~~~~~~~~       [    88 - 30%] 
   7:~~~~~~~~~~~~                    [    42 - 14%] 
   8:~~~                             [    11 -  4%] 
   9:                                [     1 -  0%] 

	Worth=1.125000
	Granularity=2; Promising=-870.000000; Useful=1.000000
	Treatment:[
	switch2c=on]

   0:                                [     0 -  0%] 
   1:                                [     0 -  0%] 
   2:                                [     0 -  0%] 
   3:                                [     0 -  0%] 
   4:~~~~~~~~~~~~~                   [    48 - 16%] 
   5:~~~~~~~~~~~~~~~~~~~~~~~~~~~~~~  [   104 - 35%] 
   6:~~~~~~~~~~~~~~~~~~~~~~~~~       [    88 - 30%] 
   7:~~~~~~~~~~~~                    [    42 - 14%] 
   8:~~~                             [    11 -  4%] 
   9:                                [     1 -  0%] 

	Worth=1.458333
	Granularity=2; Promising=-870.000000; Useful=1.000000
	Treatment:[
	switch3a=off]

   0:                                [     0 -  0%] 
   1:                                [     0 -  0%] 
   2:                                [     0 -  0%] 
   3:                                [     0 -  0%] 
   4:                                [     0 -  0%] 
   5:~~~~~~~~~~~~~~~~                [    96 - 25%] 
   6:~~~~~~~~~~~~~~~~~~~~~~~~~~~~~~  [   172 - 46%] 
   7:~~~~~~~~~~~~~~~~                [    92 - 24%] 
   8:~~                              [    17 -  4%] 
   9:                                [     1 -  0%] 

	Worth=1.458333
	Granularity=2; Promising=-870.000000; Useful=1.000000
	Treatment:[
	switch3c=off]

   0:                                [     0 -  0%] 
   1:                                [     0 -  0%] 
   2:                                [     0 -  0%] 
   3:                                [     0 -  0%] 
   4:                                [     0 -  0%] 
   5:~~~~~~~~~~~~~~~~                [    96 - 25%] 
   6:~~~~~~~~~~~~~~~~~~~~~~~~~~~~~~  [   172 - 46%] 
   7:~~~~~~~~~~~~~~~~                [    92 - 24%] 
   8:~~                              [    17 -  4%] 
   9:                                [     1 -  0%] 


 run time: 0 sec
