
-------------------------------------------------------------------
                Welcome to TARZAN (Version 2.1)
        Copyright (c) 2001 Tim Menzies (tim@menzies.com)
              Copy policy: GPL-2 (see www.gnu.org)

...while on high, our hero watches for the right chance to strike!
-------------------------------------------------------------------

skew=2
default: Now=true
default: Changes=true
Read 11149 cases (12 attributes) from circ.data

	Worth=1.000000
	Granularity=2; Promising=-150.000000; Useful=1.000000
	Treatment:[No Treatment]

   0:~~~~~~~~~~~~~~~~~~~~~~~~~~~~~~  [ 10549 - 95%] 
   1:                                [   264 -  2%] 
   2:                                [   294 -  3%] 
   3:                                [    12 -  0%] 
   4:                                [    20 -  0%] 
   5:                                [     9 -  0%] 
   6:                                [     1 -  0%] 

	deltaf distribution:

 -125:~~~~~~~~~~~~~~~~~~~~~~~~~~~~~~  [    14 - 58%] 
 -124:~~                              [     1 -  4%] 
 -123:~~~~~~                          [     3 - 13%] 
 -118:~~                              [     1 -  4%] 
 -114:~~                              [     1 -  4%] 
 -75:~~~~                            [     2 -  8%] 
 -33:~~                              [     1 -  4%] 
 105:~~                              [     1 -  4%] 

Treatments learned on circ.data:
worth=1.008586	[switch3b=off] 
worth=1.037251	[switch2a=on] 
worth=1.424001	[switch2b=on] 
worth=1.424001	[switch1a=on] 
worth=1.512338	[switch1b=on] 
worth=3.527677	[bulb1b=light] 
worth=4.588317	[bulb3b=light] 
worth=15.656818	[bulb1a=light] 
worth=15.656818	[bulb2b=light] 
worth=23.118269	[bulb3a=light] 
worth=30.824360	[bulb2a=light] 

	Worth=1.008586
	Granularity=2; Promising=-150.000000; Useful=1.000000
	Treatment:[
	switch3b=off]

   0:~~~~~~~~~~~~~~~~~~~~~~~~~~~~~~  [  8701 - 96%] 
   1:                                [     0 -  0%] 
   2:~                               [   294 -  3%] 
   3:                                [    12 -  0%] 
   4:                                [    20 -  0%] 
   5:                                [     9 -  0%] 
   6:                                [     1 -  0%] 

	Worth=1.037251
	Granularity=2; Promising=-150.000000; Useful=1.000000
	Treatment:[
	switch2a=on]

   0:~~~~~~~~~~~~~~~~~~~~~~~~~~~~~~  [  2467 - 94%] 
   1:                                [    56 -  2%] 
   2:                                [    74 -  3%] 
   3:                                [     4 -  0%] 
   4:                                [     6 -  0%] 
   5:                                [     3 -  0%] 
   6:                                [     1 -  0%] 

	Worth=1.424001
	Granularity=2; Promising=-150.000000; Useful=1.000000
	Treatment:[
	switch2b=on]

   0:~~~~~~~~~~~~~~~~~~~~~~~~~~~~~~  [  1201 - 92%] 
   1:                                [    28 -  2%] 
   2:                                [    38 -  3%] 
   3:                                [    12 -  1%] 
   4:                                [    20 -  2%] 
   5:                                [     9 -  1%] 
   6:                                [     1 -  0%] 

	Worth=1.424001
	Granularity=2; Promising=-150.000000; Useful=1.000000
	Treatment:[
	switch1a=on]

   0:~~~~~~~~~~~~~~~~~~~~~~~~~~~~~~  [  1201 - 92%] 
   1:                                [    28 -  2%] 
   2:                                [    38 -  3%] 
   3:                                [    12 -  1%] 
   4:                                [    20 -  2%] 
   5:                                [     9 -  1%] 
   6:                                [     1 -  0%] 

	Worth=1.512338
	Granularity=2; Promising=-150.000000; Useful=1.000000
	Treatment:[
	switch1b=on]

   0:~~~~~~~~~~~~~~~~~~~~~~~~~~~~~~  [  1843 - 75%] 
   1:~~~~                            [   264 - 11%] 
   2:~~~~                            [   294 - 12%] 
   3:                                [    12 -  0%] 
   4:                                [    20 -  1%] 
   5:                                [     9 -  0%] 
   6:                                [     1 -  0%] 

	Worth=3.527677
	Granularity=2; Promising=-150.000000; Useful=1.000000
	Treatment:[
	bulb1b=light]

   0:                                [     0 -  0%] 
   1:~~~~~~~~~~~~~~~~~~~~~~~~~~      [   264 - 44%] 
   2:~~~~~~~~~~~~~~~~~~~~~~~~~~~~~~  [   294 - 49%] 
   3:~                               [    12 -  2%] 
   4:~~                              [    20 -  3%] 
   5:                                [     9 -  2%] 
   6:                                [     1 -  0%] 

	Worth=4.588317
	Granularity=2; Promising=-150.000000; Useful=1.000000
	Treatment:[
	bulb3b=light]

   0:                                [     0 -  0%] 
   1:                                [     0 -  0%] 
   2:~~~~~~~~~~~~~~~~~~~~~~~~~~~~~~  [   294 - 93%] 
   3:                                [     0 -  0%] 
   4:~                               [    12 -  4%] 
   5:                                [     8 -  3%] 
   6:                                [     1 -  0%] 

	Worth=15.656818
	Granularity=2; Promising=-150.000000; Useful=1.000000
	Treatment:[
	bulb1a=light]

   0:                                [     0 -  0%] 
   1:                                [     0 -  0%] 
   2:                                [     0 -  0%] 
   3:~~~~~~~~~~~~~~~~~~              [    12 - 29%] 
   4:~~~~~~~~~~~~~~~~~~~~~~~~~~~~~~  [    20 - 48%] 
   5:~~~~~~~~~~~~~                   [     9 - 21%] 
   6:~                               [     1 -  2%] 

	Worth=15.656818
	Granularity=2; Promising=-150.000000; Useful=1.000000
	Treatment:[
	bulb2b=light]

   0:                                [     0 -  0%] 
   1:                                [     0 -  0%] 
   2:                                [     0 -  0%] 
   3:~~~~~~~~~~~~~~~~~~              [    12 - 29%] 
   4:~~~~~~~~~~~~~~~~~~~~~~~~~~~~~~  [    20 - 48%] 
   5:~~~~~~~~~~~~~                   [     9 - 21%] 
   6:~                               [     1 -  2%] 

	Worth=23.118269
	Granularity=2; Promising=-150.000000; Useful=1.000000
	Treatment:[
	bulb3a=light]

   0:                                [     0 -  0%] 
   1:                                [     0 -  0%] 
   2:                                [     0 -  0%] 
   3:                                [     0 -  0%] 
   4:~~~~~~~~~~~~~~~~~~~~~~~~~~      [     7 - 44%] 
   5:~~~~~~~~~~~~~~~~~~~~~~~~~~~~~~  [     8 - 50%] 
   6:~~~                             [     1 -  6%] 

	Worth=30.824360
	Granularity=2; Promising=-150.000000; Useful=1.000000
	Treatment:[
	bulb2a=light]

   0:                                [     0 -  0%] 
   1:                                [     0 -  0%] 
   2:                                [     0 -  0%] 
   3:                                [     0 -  0%] 
   4:~~~~~~~~~~~~~~~                 [     1 - 25%] 
   5:~~~~~~~~~~~~~~~~~~~~~~~~~~~~~~  [     2 - 50%] 
   6:~~~~~~~~~~~~~~~                 [     1 - 25%] 


 run time: 1 sec
