% found: 15268 examples
% building ranges:  andpMean in orpMean v noMean
% found: 693 relevant entries; 250 unique entries

andpMean  :  [2 .. 2)  [2 .. 4)  [4 .. 6)  [6 .. 8)  [8 .. inf) 
in        :  [1 .. 21)  [21 .. 41)  [41 .. 61)  [61 .. 81)  [81 .. inf) 
orpMean   :  [1 .. 3)  [3 .. 7)  [7 .. 11)  [11 .. 15)  [15 .. inf) 
v         :  [500 .. 192500)  [193500 .. 410500)  [410500 .. 589500)  [590500 .. 792500)  [793500 .. inf) 
noMean    :  [0 .. 5)  [5 .. 10)  [10 .. 15)  [15 .. 20)  [20 .. inf) 

          score :    1 
        what if : no change? 
     impossible :    5% ~
     slowCostly :   21% ~~~~~
      slowCheap :   21% ~~~~~
      fastCheap :   52% ~~~~~~~~~~~~~

% looking for improvements above [1.05] ...

          score :  1.4 
        what if : orpMean in 15..2.14748e+09? 
     impossible :    0% 
     slowCostly :    5% ~
      slowCheap :   20% ~~~~~
      fastCheap :   74% ~~~~~~~~~~~~~~~~~~~

          score :  1.2 
        what if : orpMean in 11..15? 
     impossible :    1% 
     slowCostly :   11% ~~~
      slowCheap :   23% ~~~~~~
      fastCheap :   66% ~~~~~~~~~~~~~~~~~

          score :  1.2 
        what if : andpMean in 2..4? 
     impossible :    5% ~
     slowCostly :   17% ~~~~
      slowCheap :   18% ~~~~~
      fastCheap :   59% ~~~~~~~~~~~~~~~
