

----------------------------
IF	true
	f13
	f14
	f15
	p17
	p18
THEN 	f13 = 1
	f14 = 0
	f15 = 0
	r10 = 10
	r11 = 0.1
	r12 = 0.4
	goal = 10.5
	r9 = 10.5

% runtime = 0.0100144 secs

----------------------------
IF	true
	f13
	p16
	p17
	p18
THEN 	f13 = 1
	r10 = 10
	r11 = 0.1
	r12 = 0.4
	goal = 10.5
	r9 = 10.5

% runtime = 0 secs

----------------------------
IF	true
	f13
	p16
	p17
	p18
THEN 	f13 = 1
	r10 = 10
	r11 = 0.1
	r12 = 0.4
	goal = 10.5
	r9 = 10.5

% runtime = 0 secs

----------------------------
IF	true
	f13
	f14
	f15
	p16
	p18
THEN 	f13 = 1
	f14 = 0
	f15 = 0
	r10 = 10
	r11 = 0.1
	r12 = 0.4
	goal = 10.5
	r9 = 10.5

% runtime = 0 secs

----------------------------
IF	true
	p16
	p17
THEN 	r10 = 10
	r11 = 1
	r12 = 1
	goal = 12
	r9 = 12

% runtime = 0 secs

----------------------------
IF	true
	f13
	f14
	f15
	p16
	p17
	p18
THEN 	f13 = 1
	f14 = 0
	f15 = 0
	r10 = 10
	r11 = 0.1
	r12 = 0.4
	goal = 10.5
	r9 = 10.5

% runtime = 0 secs

----------------------------
IF	true
	f13
	f14
	f15
	p17
THEN 	f13 = 1
	f14 = 0.45
	f15 = 0.34
	r10 = 10
	r11 = 0
	r12 = 0.039
	goal = 10.039
	r9 = 10.039

% runtime = 0.0100144 secs

----------------------------
IF	true
	f13
	f14
	f15
	p18
THEN 	f13 = 1
	f14 = 0.12
	f15 = 0.01
	r10 = 10
	r11 = 0
	r12 = 0.336
	goal = 10.336
	r9 = 10.336

% runtime = 0 secs

----------------------------
IF	true
	f13
	f14
THEN 	f13 = 1
	f14 = 1
	r10 = 10
	r11 = 0
	r12 = 0
	goal = 10
	r9 = 10

% runtime = 0 secs

----------------------------
IF	true
	p16
THEN 	r10 = 10
	r11 = 1
	r12 = 1
	goal = 12
	r9 = 12

% runtime = 0 secs