
:- style_check(-discontiguous).
:- discontiguous fSweepNumbers/5, result/10,ticks/1,about/4. 

%about(d,nands,nOrs,fanout).
about('16. Smythe 87', 6, 20, 1.23077).

%#1

%fSweepNumbers(a, ac, ab, pinStar, pa, pac, worlds).
fSweepNumbers(5, 3, 1, 42.3077, 19.2308, 11.5385, 1).

%% result(expName,comparisonNumber,slowOrFast,exp1,exp2,
result('16. Smythe 87', 1, slow, [], [dex], 
 %causes > changes/steadies,
 1>3/0, 
 % clumping?/ inStarPercentClumpAble,nClumps
 clumpOff/0, 0, 
 %nProofs/averageProofSize/sd - [minSize,maxSize] - all,
 5/3.8/0.8-[3,5]-[3, 3, 4, 4, 5], 
 %nWorlds, nBestWorlds, bestPercentCovered, time_seconds).
 1, 1, 100.0, 0.0).

%mean explicable : 100.0 %
%abduction time  : 0.01 secs
%total run time  : 0.01 secs

ticks([total-0.0100144/100, validate-0/0, worldsSweep-0/0, backwardsSweep-0.0100144/100, forwardSweep-0/0, prep-0/0, data-0/0]).

%#2

%fSweepNumbers(a, ac, ab, pinStar, pa, pac, worlds).
fSweepNumbers(3, 0, 1, 34.6154, 11.5385, 0, 1).

%% result(expName,comparisonNumber,slowOrFast,exp1,exp2,
result('16. Smythe 87', 2, slow, [], [coldSwim], 
 %causes > changes/steadies,
 1>3/0, 
 % clumping?/ inStarPercentClumpAble,nClumps
 clumpOff/0, 0, 
 %nProofs/averageProofSize/sd - [minSize,maxSize] - all,
 8/3.5/0.9-[2,5]-[2, 3, 3, 3, 4, 4, 4, 5], 
 %nWorlds, nBestWorlds, bestPercentCovered, time_seconds).
 1, 1, 100.0, 0.0).

%mean explicable : 100.0 %
%abduction time  : 0.01 secs
%total run time  : 0.02 secs

ticks([total-0/100, validate-0/0, worldsSweep-0/0, backwardsSweep-0/0, forwardSweep-0/0, prep-0/0, data-0/0]).

%#3

%fSweepNumbers(a, ac, ab, pinStar, pa, pac, worlds).
fSweepNumbers(6, 3, 1, 50, 23.0769, 11.5385, 1).

%% result(expName,comparisonNumber,slowOrFast,exp1,exp2,
result('16. Smythe 87', 3, slow, [], [dex, coldSwim], 
 %causes > changes/steadies,
 2>3/0, 
 % clumping?/ inStarPercentClumpAble,nClumps
 clumpOff/0, 0, 
 %nProofs/averageProofSize/sd - [minSize,maxSize] - all,
 11/3.4/0.9-[2,5]-[2, 2, 3, 3, 3, 3, 4, 4, 4, 4, 5], 
 %nWorlds, nBestWorlds, bestPercentCovered, time_seconds).
 1, 1, 100.0, 0.0).

%mean explicable : 100.0 %
%abduction time  : 0.02 secs
%total run time  : 0.03 secs

ticks([total-0.0100144/100, validate-0/0, worldsSweep-0/0, backwardsSweep-0/0, forwardSweep-0.0100144/100, prep-0/0, data-0/0]).

%#4

%fSweepNumbers(a, ac, ab, pinStar, pa, pac, worlds).
fSweepNumbers(6, 3, 2, 50, 23.0769, 11.5385, 2).

%% result(expName,comparisonNumber,slowOrFast,exp1,exp2,
result('16. Smythe 87', 4, slow, [dex], [coldSwim], 
 %causes > changes/steadies,
 2>3/0, 
 % clumping?/ inStarPercentClumpAble,nClumps
 clumpOff/0, 0, 
 %nProofs/averageProofSize/sd - [minSize,maxSize] - all,
 19/3.4/0.9-[2,5]-[2, 2, 2, 3, 3, 3, 3, 3, 3, 3, 4, 4, 4, 4, 4, 4, 4, 5, 5], 
 %nWorlds, nBestWorlds, bestPercentCovered, time_seconds).
 2, 2, 100.0, 0.0).

%mean explicable : 100.0 %
%abduction time  : 0.04 secs
%total run time  : 0.05 secs

ticks([total-0.0200288/100, validate-0.0100144/50, worldsSweep-0/0, backwardsSweep-0/0, forwardSweep-0.0100144/50, prep-0/0, data-0/0]).

%#5

%fSweepNumbers(a, ac, ab, pinStar, pa, pac, worlds).
fSweepNumbers(0, 0, 2, 15.3846, 0, 0, 2).

%% result(expName,comparisonNumber,slowOrFast,exp1,exp2,
result('16. Smythe 87', 5, slow, [dex], [dex, coldSwim], 
 %causes > changes/steadies,
 1>2/1, 
 % clumping?/ inStarPercentClumpAble,nClumps
 clumpOff/0, 0, 
 %nProofs/averageProofSize/sd - [minSize,maxSize] - all,
 20/3.4/0.9-[2,5]-[2, 2, 2, 2, 3, 3, 3, 3, 3, 3, 3, 4, 4, 4, 4, 4, 4, 4, 5, 5], 
 %nWorlds, nBestWorlds, bestPercentCovered, time_seconds).
 2, 2, 66.7, 0.0).

%mean explicable : 93.3 %
%abduction time  : 0.05 secs
%total run time  : 0.07 secs

ticks([total-0.0100144/100, validate-0.0100144/100, worldsSweep-0/0, backwardsSweep-0/0, forwardSweep-0/0, prep-0/0, data-0/0]).

%#6

%fSweepNumbers(a, ac, ab, pinStar, pa, pac, worlds).
fSweepNumbers(5, 3, 2, 42.3077, 19.2308, 11.5385, 2).

%% result(expName,comparisonNumber,slowOrFast,exp1,exp2,
result('16. Smythe 87', 6, slow, [coldSwim], [dex, coldSwim], 
 %causes > changes/steadies,
 1>3/0, 
 % clumping?/ inStarPercentClumpAble,nClumps
 clumpOff/0, 0, 
 %nProofs/averageProofSize/sd - [minSize,maxSize] - all,
 22/3.4/0.9-[2,5]-[2, 2, 2, 2, 3, 3, 3, 3, 3, 3, 3, 3, 4, 4, 4, 4, 4, 4, 4, 4, 5, 5], 
 %nWorlds, nBestWorlds, bestPercentCovered, time_seconds).
 2, 1, 100.0, 0.0).

%mean explicable : 94.4 %
%abduction time  : 0.06 secs
%total run time  : 0.08 secs

ticks([total-0.0100144/100, validate-0/0, worldsSweep-0.0100144/100, backwardsSweep-0/0, forwardSweep-0/0, prep-0/0, data-0/0]).
