-------------------------------------------------------------------
                Welcome to TARZAN (Version 2.2)
        Copyright (c) 2001 Tim Menzies (tim@menzies.com)
              Copy policy: GPL-2 (see www.gnu.org)

...while on high, our hero watches for the right chance to strike!
-------------------------------------------------------------------

Read 20000 cases (17 attributes) from ivv.data

 Worth=1.000000
 Granularity=3 Promising=-100000000.000000 Useful=1.800000 nChanges=2
 Treatment:[No Treatment]

               0:~~~~~~~~~~~~~~~~~~~~~           [  1518 -  8%] 
               1:~~~~~~~~~                       [   686 -  3%] 
               2:~~~~~~~~~~~~~                   [  1000 -  5%] 
               3:~~~~~~~~~~~~~~~~~               [  1229 -  6%] 
               4:~~~~~~~~~~~~~~~~~~~~~~~         [  1654 -  8%] 
               5:~~~~~~~~~~~~~~~~~~~~~~~~~       [  1847 -  9%] 
               6:~~~~~~~~~~~~~~~~~~~~~~~~~~~~~   [  2147 - 11%] 
               7:~~~~~~~~~~~~~~~~~~~~~~~~~~~~~~  [  2155 - 11%] 
               8:~~~~~~~~~~~~~~~~~~~~~~~~~~~     [  1978 - 10%] 
               9:~~~~~~~~~~~~~~~~~~~~~~~         [  1707 -  9%] 
              10:~~~~~~~~~~~~~~~~~~~             [  1418 -  7%] 
              11:~~~~~~~~~~~~~~                  [  1024 -  5%] 
              12:~~~~~~~~~                       [   669 -  3%] 
              13:~~~~~~                          [   449 -  2%] 
              14:~~~                             [   263 -  1%] 
              15:~                               [   143 -  1%] 
              16:                                [    65 -  0%] 
              17:                                [    31 -  0%] 
              18:                                [    11 -  0%] 
              19:                                [     3 -  0%] 
              20:                                [     3 -  0%] 

	Confidence1 Distribution:

 -2094870:~~~~~~~~~~~~~~~                 [     1 -  2%] 
 -2094858:~~~~~~~~~~~~~~~                 [     1 -  2%] 
 -2094818:~~~~~~~~~~~~~~~                 [     1 -  2%] 
 -2094772:~~~~~~~~~~~~~~~                 [     1 -  2%] 
 -2094734:~~~~~~~~~~~~~~~                 [     1 -  2%] 
 -2094649:~~~~~~~~~~~~~~~                 [     1 -  2%] 
 -2094626:~~~~~~~~~~~~~~~                 [     1 -  2%] 
 -2094601:~~~~~~~~~~~~~~~                 [     1 -  2%] 
 -2094599:~~~~~~~~~~~~~~~                 [     1 -  2%] 
 -2094586:~~~~~~~~~~~~~~~                 [     1 -  2%] 
 -2094486:~~~~~~~~~~~~~~~                 [     1 -  2%] 
 -2094471:~~~~~~~~~~~~~~~                 [     1 -  2%] 
 -2094445:~~~~~~~~~~~~~~~                 [     1 -  2%] 
 -2094413:~~~~~~~~~~~~~~~                 [     1 -  2%] 
 -2094289:~~~~~~~~~~~~~~~                 [     1 -  2%] 
 -2094267:~~~~~~~~~~~~~~~                 [     1 -  2%] 
 -2094189:~~~~~~~~~~~~~~~                 [     1 -  2%] 
 -2094143:~~~~~~~~~~~~~~~                 [     1 -  2%] 
 -2094137:~~~~~~~~~~~~~~~                 [     1 -  2%] 
 -2094081:~~~~~~~~~~~~~~~                 [     1 -  2%] 
 -2093861:~~~~~~~~~~~~~~~                 [     1 -  2%] 
 -2093560:~~~~~~~~~~~~~~~                 [     1 -  2%] 
 -2092656:~~~~~~~~~~~~~~~                 [     1 -  2%] 
 -2089346:~~~~~~~~~~~~~~~                 [     1 -  2%] 
 -2086942:~~~~~~~~~~~~~~~                 [     1 -  2%] 
 -2086813:~~~~~~~~~~~~~~~~~~~~~~~~~~~~~~  [     2 -  4%] 
 -2085824:~~~~~~~~~~~~~~~                 [     1 -  2%] 
 -2083368:~~~~~~~~~~~~~~~                 [     1 -  2%] 
 -2080647:~~~~~~~~~~~~~~~                 [     1 -  2%] 
 -2079913:~~~~~~~~~~~~~~~                 [     1 -  2%] 
 -2078920:~~~~~~~~~~~~~~~                 [     1 -  2%] 
 -2078103:~~~~~~~~~~~~~~~                 [     1 -  2%] 
 -1443313:~~~~~~~~~~~~~~~                 [     1 -  2%] 
 -782314:~~~~~~~~~~~~~~~                 [     1 -  2%] 
 -587735:~~~~~~~~~~~~~~~                 [     1 -  2%] 
 -246901:~~~~~~~~~~~~~~~                 [     1 -  2%] 
 -238165:~~~~~~~~~~~~~~~                 [     1 -  2%] 
 -225757:~~~~~~~~~~~~~~~                 [     1 -  2%] 
 -220997:~~~~~~~~~~~~~~~                 [     1 -  2%] 
 -154760:~~~~~~~~~~~~~~~                 [     1 -  2%] 
 -133762:~~~~~~~~~~~~~~~                 [     1 -  2%] 
 -28787:~~~~~~~~~~~~~~~                 [     1 -  2%] 
 -24340:~~~~~~~~~~~~~~~                 [     1 -  2%] 
 -6642:~~~~~~~~~~~~~~~                 [     1 -  2%] 

Treatments learned on ivv.data:
worth=1.802032	['from(design)/to(design)'=[1.440000..34.750000)] ['from(requirements)/to(programming)'=[3.240000..6.360000)] 
worth=1.811054	['from(design)/to(design)'=[1.440000..34.750000)] [ivv=early] 
worth=1.819155	[ivv=development] [reworkByPhase=remus83] 
worth=1.874095	[ivv=early] [reworkByPhase=kan89] 
worth=1.890721	['from(programming)/to(programming)'=[85.779999..153.050003)] [ivv=development] 
worth=1.920449	['from(programming)/to(programming)'=[7.530000..85.779999)] [ivv=early] 
worth=2.034506	[defectDensity=[4.000000..16.000000)] [ivv=early] 
worth=2.075663	['from(programming)/to(deployment)'=continuous] [ivv=programming] 
worth=5.754836	['from(programming)/to(programming)'=[85.779999..153.050003)] [defectDensity=[57.000000..58.000000)] 
worth=5.754836	['from(programming)/to(programming)'=[85.779999..153.050003)] ['from(programming)/to(integration)'=[52.959999..114.779999)] 
worth=6.233681	['from(programming)/to(programming)'=[85.779999..153.050003)] ['from(design)/to(integration)'=[7.820000..15.000000)] 
worth=10.288610	['from(programming)/to(programming)'=[85.779999..153.050003)] ['from(requirements)/to(integration)'=[4.300000..7.890000)] 
worth=12.031652	['from(requirements)/to(design)'=[7.880000..14.040000)] ['from(programming)/to(programming)'=[85.779999..153.050003)] 
worth=12.331792	['from(design)/to(programming)'=[17.270000..32.230000)] ['from(programming)/to(programming)'=[85.779999..153.050003)] 

 Worth=1.802032
 Granularity=3 Promising=-100000000.000000 Useful=1.800000 nChanges=2
 Treatment:[
	'from(design)/to(design)'=[1.440000..34.750000)
	'from(requirements)/to(programming)'=[3.240000..6.360000)]

               0:~~~~~~~~~~~~~~~~~~~~~~~~~~~~~~  [     6 - 12%] 
               1:~~~~~~~~~~~~~~~                 [     3 -  6%] 
               2:~~~~~~~~~~~~~~~~~~~~            [     4 -  8%] 
               3:~~~~~~~~~~~~~~~~~~~~            [     4 -  8%] 
               4:~~~~~~~~~~~~~~~~~~~~            [     4 -  8%] 
               5:~~~~~~~~~~~~~~~~~~~~~~~~~       [     5 - 10%] 
               6:~~~~~~~~~~~~~~~~~~~~~~~~~       [     5 - 10%] 
               7:~~~~~~~~~~                      [     2 -  4%] 
               8:~~~~~~~~~~~~~~~~~~~~~~~~~       [     5 - 10%] 
               9:~~~~~~~~~~~~~~~                 [     3 -  6%] 
              10:~~~~~                           [     1 -  2%] 
              11:~~~~~~~~~~~~~~~                 [     3 -  6%] 
              12:~~~~~                           [     1 -  2%] 
              13:~~~~~~~~~~                      [     2 -  4%] 
              14:                                [     0 -  0%] 
              15:                                [     0 -  0%] 
              16:                                [     0 -  0%] 
              17:~~~~~                           [     1 -  2%] 
              18:                                [     0 -  0%] 
              19:                                [     0 -  0%] 
              20:                                [     0 -  0%] 

 Worth=1.811054
 Granularity=3 Promising=-100000000.000000 Useful=1.800000 nChanges=2
 Treatment:[
	'from(design)/to(design)'=[1.440000..34.750000)
	ivv=early]

               0:~~~~~~~~~                       [    58 -  3%] 
               1:~~~~~~~~                        [    50 -  3%] 
               2:~~~~~~~~~~                      [    64 -  4%] 
               3:~~~~~~~~~~~~~~                  [    87 -  5%] 
               4:~~~~~~~~~~~~~~~~~~~~~~          [   139 -  8%] 
               5:~~~~~~~~~~~~~~~~~~~~~~~~        [   153 -  9%] 
               6:~~~~~~~~~~~~~~~~~~~~~~~~~~~~    [   176 - 11%] 
               7:~~~~~~~~~~~~~~~~~~~~~~~~~~~~~~  [   186 - 11%] 
               8:~~~~~~~~~~~~~~~~~~~~~~~~~~      [   162 - 10%] 
               9:~~~~~~~~~~~~~~~~~~~~~~~~        [   152 -  9%] 
              10:~~~~~~~~~~~~~~~~~~~~~~~~~       [   156 -  9%] 
              11:~~~~~~~~~~~~~~                  [    92 -  6%] 
              12:~~~~~~~~~~~                     [    72 -  4%] 
              13:~~~~~~~~                        [    51 -  3%] 
              14:~~~                             [    23 -  1%] 
              15:~~~                             [    20 -  1%] 
              16:~                               [    12 -  1%] 
              17:                                [     5 -  0%] 
              18:                                [     1 -  0%] 
              19:                                [     1 -  0%] 
              20:                                [     1 -  0%] 

 Worth=1.819155
 Granularity=3 Promising=-100000000.000000 Useful=1.800000 nChanges=2
 Treatment:[
	ivv=development
	reworkByPhase=remus83]

               0:~~~~~~~~                        [    31 -  3%] 
               1:~~~~~~~                         [    29 -  3%] 
               2:~~~~~~~~~~~~~                   [    49 -  5%] 
               3:~~~~~~~~~~                      [    40 -  4%] 
               4:~~~~~~~~~~~~~~~~~~              [    67 -  7%] 
               5:~~~~~~~~~~~~~~~~~~~~~~~~~       [    92 -  9%] 
               6:~~~~~~~~~~~~~~~~~~~~~~~~~~~     [   100 - 10%] 
               7:~~~~~~~~~~~~~~~~~~~~~~~~~~~~~   [   108 - 11%] 
               8:~~~~~~~~~~~~~~~~~~~~~~~~~~~~~~  [   110 - 11%] 
               9:~~~~~~~~~~~~~~~~~~~~~~~~        [    91 -  9%] 
              10:~~~~~~~~~~~~~~~~~~~~~           [    78 -  8%] 
              11:~~~~~~~~~~~~~~~~~~              [    67 -  7%] 
              12:~~~~~~~~~~~                     [    43 -  4%] 
              13:~~~~~~~                         [    26 -  3%] 
              14:~~~~~                           [    19 -  2%] 
              15:~~~                             [    12 -  1%] 
              16:~                               [     4 -  0%] 
              17:                                [     2 -  0%] 
              18:                                [     1 -  0%] 
              19:                                [     0 -  0%] 
              20:                                [     1 -  0%] 

 Worth=1.874095
 Granularity=3 Promising=-100000000.000000 Useful=1.800000 nChanges=2
 Treatment:[
	ivv=early
	reworkByPhase=kan89]

               0:~~~~~~~                         [    27 -  3%] 
               1:~~~~~~~                         [    28 -  3%] 
               2:~~~~~~~~~                       [    37 -  4%] 
               3:~~~~~~~~~~~~~~                  [    53 -  5%] 
               4:~~~~~~~~~~~~~~~~~~~~~~          [    84 -  9%] 
               5:~~~~~~~~~~~~~~~~~~~~~~          [    86 -  9%] 
               6:~~~~~~~~~~~~~~~~~~~~~~~~~~~     [   104 - 11%] 
               7:~~~~~~~~~~~~~~~~~~~~~~~~~~~~~~  [   113 - 12%] 
               8:~~~~~~~~~~~~~~~~~~~~~~~~~~      [   101 - 10%] 
               9:~~~~~~~~~~~~~~~~~~~~~~~         [    88 -  9%] 
              10:~~~~~~~~~~~~~~~~~~~             [    75 -  8%] 
              11:~~~~~~~~~~~~~~~                 [    59 -  6%] 
              12:~~~~~~~~~                       [    37 -  4%] 
              13:~~~~~~~                         [    30 -  3%] 
              14:~~~~~                           [    21 -  2%] 
              15:~~                              [     8 -  1%] 
              16:~~~                             [    13 -  1%] 
              17:                                [     1 -  0%] 
              18:                                [     0 -  0%] 
              19:                                [     0 -  0%] 
              20:                                [     1 -  0%] 

 Worth=1.890721
 Granularity=3 Promising=-100000000.000000 Useful=1.800000 nChanges=2
 Treatment:[
	'from(programming)/to(programming)'=[85.779999..153.050003)
	ivv=development]

               0:~~~~~~~~~~                      [    35 -  4%] 
               1:~~~~~                           [    19 -  2%] 
               2:~~~~~~~~~~~                     [    39 -  5%] 
               3:~~~~~~~~~~~~                    [    43 -  5%] 
               4:~~~~~~~~~~~~~~~~~~~             [    66 -  8%] 
               5:~~~~~~~~~~~~~~~~~~~~~~          [    76 -  9%] 
               6:~~~~~~~~~~~~~~~~~~~~~~~~~~~~    [    96 - 11%] 
               7:~~~~~~~~~~~~~~~~~~~~~~~~~~~~~~  [   101 - 12%] 
               8:~~~~~~~~~~~~~~~~~~~~~~~~~~~     [    92 - 11%] 
               9:~~~~~~~~~~~~~~~~~~~~~~          [    75 -  9%] 
              10:~~~~~~~~~~~~~~~~~~~~~           [    72 -  9%] 
              11:~~~~~~~~~~~                     [    39 -  5%] 
              12:~~~~~~~~~~~                     [    38 -  5%] 
              13:~~~~~                           [    18 -  2%] 
              14:~~~~                            [    15 -  2%] 
              15:~~                              [     9 -  1%] 
              16:                                [     0 -  0%] 
              17:~                               [     4 -  0%] 
              18:                                [     1 -  0%] 
              19:                                [     0 -  0%] 
              20:                                [     1 -  0%] 

 Worth=1.920449
 Granularity=3 Promising=-100000000.000000 Useful=1.800000 nChanges=2
 Treatment:[
	'from(programming)/to(programming)'=[7.530000..85.779999)
	ivv=early]

               0:~~~~~~~~                        [    47 -  3%] 
               1:~~~~~~~~                        [    46 -  3%] 
               2:~~~~~~~~~~                      [    56 -  4%] 
               3:~~~~~~~~~~~~~                   [    72 -  5%] 
               4:~~~~~~~~~~~~~~~~~~~~~~          [   122 -  9%] 
               5:~~~~~~~~~~~~~~~~~~~~~~~~        [   132 -  9%] 
               6:~~~~~~~~~~~~~~~~~~~~~~~~~~~     [   152 - 11%] 
               7:~~~~~~~~~~~~~~~~~~~~~~~~~~~~~~  [   165 - 12%] 
               8:~~~~~~~~~~~~~~~~~~~~~~~~        [   136 - 10%] 
               9:~~~~~~~~~~~~~~~~~~~~~~          [   125 -  9%] 
              10:~~~~~~~~~~~~~~~~~~~~~~~~        [   135 -  9%] 
              11:~~~~~~~~~~~~~~                  [    81 -  6%] 
              12:~~~~~~~~~~                      [    58 -  4%] 
              13:~~~~~~~                         [    40 -  3%] 
              14:~~~~                            [    24 -  2%] 
              15:~~~                             [    17 -  1%] 
              16:~~                              [    11 -  1%] 
              17:                                [     4 -  0%] 
              18:                                [     1 -  0%] 
              19:                                [     1 -  0%] 
              20:                                [     1 -  0%] 

 Worth=2.034506
 Granularity=3 Promising=-100000000.000000 Useful=1.800000 nChanges=2
 Treatment:[
	defectDensity=[4.000000..16.000000)
	ivv=early]

               0:~~~~~~~~                        [    42 -  3%] 
               1:~~~~~~~~~                       [    44 -  3%] 
               2:~~~~~~~~~                       [    47 -  4%] 
               3:~~~~~~~~~~~~~                   [    63 -  5%] 
               4:~~~~~~~~~~~~~~~~~~~~~~          [   106 -  8%] 
               5:~~~~~~~~~~~~~~~~~~~~~~~~~       [   120 - 10%] 
               6:~~~~~~~~~~~~~~~~~~~~~~~~~~~     [   131 - 10%] 
               7:~~~~~~~~~~~~~~~~~~~~~~~~~~~~~~  [   143 - 11%] 
               8:~~~~~~~~~~~~~~~~~~~~~~~~        [   118 -  9%] 
               9:~~~~~~~~~~~~~~~~~~~~~~~         [   112 -  9%] 
              10:~~~~~~~~~~~~~~~~~~~~~~~~~       [   120 - 10%] 
              11:~~~~~~~~~~~~~~~                 [    73 -  6%] 
              12:~~~~~~~~~~                      [    50 -  4%] 
              13:~~~~~~~~                        [    39 -  3%] 
              14:~~~~                            [    22 -  2%] 
              15:~~~                             [    15 -  1%] 
              16:~                               [     9 -  1%] 
              17:                                [     4 -  0%] 
              18:                                [     1 -  0%] 
              19:                                [     1 -  0%] 
              20:                                [     1 -  0%] 

 Worth=2.075663
 Granularity=3 Promising=-100000000.000000 Useful=1.800000 nChanges=2
 Treatment:[
	'from(programming)/to(deployment)'=continuous
	ivv=programming]

               0:~~~~~~~~                        [     4 -  4%] 
               1:~~~~~~~~~~                      [     5 -  5%] 
               2:~~~~~~                          [     3 -  3%] 
               3:~~~~~~~~~~~~~~                  [     7 -  7%] 
               4:~~~~~~~~~~~~~~~~~~              [     9 -  9%] 
               5:~~~~~~~~~~~~~~~~~~~~            [    10 - 11%] 
               6:~~~~~~~~                        [     4 -  4%] 
               7:~~~~~~~~~~~~~~~~~~~~~~~~~~~~~~  [    15 - 16%] 
               8:~~~~~~~~~~~~~~~~~~~~            [    10 - 11%] 
               9:~~~~~~~~~~~~~~~~~~~~            [    10 - 11%] 
              10:~~~~~~~~~~~~                    [     6 -  6%] 
              11:~~~~~~                          [     3 -  3%] 
              12:~~~~~~                          [     3 -  3%] 
              13:~~~~                            [     2 -  2%] 
              14:~~~~~~                          [     3 -  3%] 
              15:                                [     0 -  0%] 
              16:                                [     0 -  0%] 
              17:                                [     0 -  0%] 
              18:~~                              [     1 -  1%] 
              19:                                [     0 -  0%] 
              20:                                [     0 -  0%] 

 Worth=5.754836
 Granularity=3 Promising=-100000000.000000 Useful=1.800000 nChanges=2
 Treatment:[
	'from(programming)/to(programming)'=[85.779999..153.050003)
	defectDensity=[57.000000..58.000000)]

               0:                                [     0 -  0%] 
               1:                                [     0 -  0%] 
               2:                                [     0 -  0%] 
               3:~~~~~~~~~~                      [     1 -  8%] 
               4:~~~~~~~~~~~~~~~~~~~~~~~~~~~~~~  [     3 - 23%] 
               5:                                [     0 -  0%] 
               6:~~~~~~~~~~                      [     1 -  8%] 
               7:~~~~~~~~~~~~~~~~~~~~            [     2 - 15%] 
               8:~~~~~~~~~~~~~~~~~~~~            [     2 - 15%] 
               9:~~~~~~~~~~                      [     1 -  8%] 
              10:~~~~~~~~~~                      [     1 -  8%] 
              11:                                [     0 -  0%] 
              12:~~~~~~~~~~                      [     1 -  8%] 
              13:                                [     0 -  0%] 
              14:                                [     0 -  0%] 
              15:                                [     0 -  0%] 
              16:                                [     0 -  0%] 
              17:~~~~~~~~~~                      [     1 -  8%] 
              18:                                [     0 -  0%] 
              19:                                [     0 -  0%] 
              20:                                [     0 -  0%] 

 Worth=5.754836
 Granularity=3 Promising=-100000000.000000 Useful=1.800000 nChanges=2
 Treatment:[
	'from(programming)/to(programming)'=[85.779999..153.050003)
	'from(programming)/to(integration)'=[52.959999..114.779999)]

               0:                                [     0 -  0%] 
               1:                                [     0 -  0%] 
               2:                                [     0 -  0%] 
               3:~~~~~~~~~~                      [     1 -  8%] 
               4:~~~~~~~~~~~~~~~~~~~~~~~~~~~~~~  [     3 - 23%] 
               5:                                [     0 -  0%] 
               6:~~~~~~~~~~                      [     1 -  8%] 
               7:~~~~~~~~~~~~~~~~~~~~            [     2 - 15%] 
               8:~~~~~~~~~~~~~~~~~~~~            [     2 - 15%] 
               9:~~~~~~~~~~                      [     1 -  8%] 
              10:~~~~~~~~~~                      [     1 -  8%] 
              11:                                [     0 -  0%] 
              12:~~~~~~~~~~                      [     1 -  8%] 
              13:                                [     0 -  0%] 
              14:                                [     0 -  0%] 
              15:                                [     0 -  0%] 
              16:                                [     0 -  0%] 
              17:~~~~~~~~~~                      [     1 -  8%] 
              18:                                [     0 -  0%] 
              19:                                [     0 -  0%] 
              20:                                [     0 -  0%] 

 Worth=6.233681
 Granularity=3 Promising=-100000000.000000 Useful=1.800000 nChanges=2
 Treatment:[
	'from(programming)/to(programming)'=[85.779999..153.050003)
	'from(design)/to(integration)'=[7.820000..15.000000)]

               0:                                [     0 -  0%] 
               1:                                [     0 -  0%] 
               2:                                [     0 -  0%] 
               3:~~~~~~~~~~~~~~~                 [     1 -  8%] 
               4:~~~~~~~~~~~~~~~~~~~~~~~~~~~~~~  [     2 - 17%] 
               5:                                [     0 -  0%] 
               6:~~~~~~~~~~~~~~~                 [     1 -  8%] 
               7:~~~~~~~~~~~~~~~~~~~~~~~~~~~~~~  [     2 - 17%] 
               8:~~~~~~~~~~~~~~~~~~~~~~~~~~~~~~  [     2 - 17%] 
               9:~~~~~~~~~~~~~~~                 [     1 -  8%] 
              10:~~~~~~~~~~~~~~~                 [     1 -  8%] 
              11:                                [     0 -  0%] 
              12:~~~~~~~~~~~~~~~                 [     1 -  8%] 
              13:                                [     0 -  0%] 
              14:                                [     0 -  0%] 
              15:                                [     0 -  0%] 
              16:                                [     0 -  0%] 
              17:~~~~~~~~~~~~~~~                 [     1 -  8%] 
              18:                                [     0 -  0%] 
              19:                                [     0 -  0%] 
              20:                                [     0 -  0%] 

 Worth=10.288610
 Granularity=3 Promising=-100000000.000000 Useful=1.800000 nChanges=2
 Treatment:[
	'from(programming)/to(programming)'=[85.779999..153.050003)
	'from(requirements)/to(integration)'=[4.300000..7.890000)]

               0:                                [     0 -  0%] 
               1:                                [     0 -  0%] 
               2:                                [     0 -  0%] 
               3:~~~~~~~~~~~~~~~                 [     1 - 14%] 
               4:~~~~~~~~~~~~~~~~~~~~~~~~~~~~~~  [     2 - 29%] 
               5:                                [     0 -  0%] 
               6:~~~~~~~~~~~~~~~                 [     1 - 14%] 
               7:                                [     0 -  0%] 
               8:~~~~~~~~~~~~~~~                 [     1 - 14%] 
               9:                                [     0 -  0%] 
              10:~~~~~~~~~~~~~~~                 [     1 - 14%] 
              11:                                [     0 -  0%] 
              12:                                [     0 -  0%] 
              13:                                [     0 -  0%] 
              14:                                [     0 -  0%] 
              15:                                [     0 -  0%] 
              16:                                [     0 -  0%] 
              17:~~~~~~~~~~~~~~~                 [     1 - 14%] 
              18:                                [     0 -  0%] 
              19:                                [     0 -  0%] 
              20:                                [     0 -  0%] 

 Worth=12.031652
 Granularity=3 Promising=-100000000.000000 Useful=1.800000 nChanges=2
 Treatment:[
	'from(requirements)/to(design)'=[7.880000..14.040000)
	'from(programming)/to(programming)'=[85.779999..153.050003)]

               0:                                [     0 -  0%] 
               1:                                [     0 -  0%] 
               2:                                [     0 -  0%] 
               3:                                [     0 -  0%] 
               4:~~~~~~~~~~~~~~~~~~~~~~~~~~~~~~  [     2 - 33%] 
               5:                                [     0 -  0%] 
               6:                                [     0 -  0%] 
               7:~~~~~~~~~~~~~~~                 [     1 - 17%] 
               8:                                [     0 -  0%] 
               9:~~~~~~~~~~~~~~~                 [     1 - 17%] 
              10:~~~~~~~~~~~~~~~                 [     1 - 17%] 
              11:                                [     0 -  0%] 
              12:                                [     0 -  0%] 
              13:                                [     0 -  0%] 
              14:                                [     0 -  0%] 
              15:                                [     0 -  0%] 
              16:                                [     0 -  0%] 
              17:~~~~~~~~~~~~~~~                 [     1 - 17%] 
              18:                                [     0 -  0%] 
              19:                                [     0 -  0%] 
              20:                                [     0 -  0%] 

 Worth=12.331792
 Granularity=3 Promising=-100000000.000000 Useful=1.800000 nChanges=2
 Treatment:[
	'from(design)/to(programming)'=[17.270000..32.230000)
	'from(programming)/to(programming)'=[85.779999..153.050003)]

               0:                                [     0 -  0%] 
               1:                                [     0 -  0%] 
               2:                                [     0 -  0%] 
               3:                                [     0 -  0%] 
               4:~~~~~~~~~~~~~~~~~~~~~~~~~~~~~~  [     1 - 17%] 
               5:                                [     0 -  0%] 
               6:                                [     0 -  0%] 
               7:~~~~~~~~~~~~~~~~~~~~~~~~~~~~~~  [     1 - 17%] 
               8:~~~~~~~~~~~~~~~~~~~~~~~~~~~~~~  [     1 - 17%] 
               9:~~~~~~~~~~~~~~~~~~~~~~~~~~~~~~  [     1 - 17%] 
              10:                                [     0 -  0%] 
              11:                                [     0 -  0%] 
              12:~~~~~~~~~~~~~~~~~~~~~~~~~~~~~~  [     1 - 17%] 
              13:                                [     0 -  0%] 
              14:                                [     0 -  0%] 
              15:                                [     0 -  0%] 
              16:                                [     0 -  0%] 
              17:~~~~~~~~~~~~~~~~~~~~~~~~~~~~~~  [     1 - 17%] 
              18:                                [     0 -  0%] 
              19:                                [     0 -  0%] 
              20:                                [     0 -  0%] 


---- 02/15/02 14:54:18 ---
  Setup: 34 sec
Compute: 15 sec
  Apply: 1 sec
  Total: 50 sec
--------------------------------------
