
-------------------------------------------------------------------
                Welcome to TARZAN (Version 2.1)
        Copyright (c) 2001 Tim Menzies (tim@menzies.com)
              Copy policy: GPL-2 (see www.gnu.org)

...while on high, our hero watches for the right chance to strike!
-------------------------------------------------------------------

default: Now=true
default: Changes=true
Read 10000 cases (17 attributes) from c:\tim\src\pl\ivv\ivv.data

 Worth=1.000000
 Granularity=4 Promising=300.000000 Useful=1.000000 nChanges=2
 Treatment:[No Treatment]

              60:                                [     0 -  0%] 
              50:                                [     0 -  0%] 
              40:                                [     0 -  0%] 
              30:                                [    15 -  0%] 
              20:~~~                             [   606 -  6%] 
              10:~~~~~~~~~~~~~~~~~~~~~~~~~~~     [  4474 - 45%] 
               0:~~~~~~~~~~~~~~~~~~~~~~~~~~~~~~  [  4905 - 49%] 

	deltaf distribution:

  29:~~~~~~~                         [     1 -  1%] 
  56:~~~~~~~                         [     1 -  1%] 
  75:~~~~~~~                         [     1 -  1%] 
  87:~~~~~~~                         [     1 -  1%] 
 173:~~~~~~~                         [     1 -  1%] 
 214:~~~~~~~                         [     1 -  1%] 
 240:~~~~~~~                         [     1 -  1%] 
 252:~~~~~~~~~~~~~~~                 [     2 -  3%] 
 256:~~~~~~~                         [     1 -  1%] 
 257:~~~~~~~                         [     1 -  1%] 
 258:~~~~~~~                         [     1 -  1%] 
 259:~~~~~~~                         [     1 -  1%] 
 260:~~~~~~~                         [     1 -  1%] 
 262:~~~~~~~                         [     1 -  1%] 
 263:~~~~~~~                         [     1 -  1%] 
 264:~~~~~~~                         [     1 -  1%] 
 268:~~~~~~~~~~~~~~~~~~~~~~~~~~~~~~  [     4 -  6%] 
 269:~~~~~~~                         [     1 -  1%] 
 270:~~~~~~~                         [     1 -  1%] 
 271:~~~~~~~~~~~~~~~~~~~~~~          [     3 -  4%] 
 280:~~~~~~~                         [     1 -  1%] 
 288:~~~~~~~                         [     1 -  1%] 
 290:~~~~~~~                         [     1 -  1%] 
 291:~~~~~~~~~~~~~~~                 [     2 -  3%] 
 293:~~~~~~~~~~~~~~~                 [     2 -  3%] 
 294:~~~~~~~~~~~~~~~                 [     2 -  3%] 
 295:~~~~~~~                         [     1 -  1%] 
 296:~~~~~~~                         [     1 -  1%] 
 299:~~~~~~~                         [     1 -  1%] 
 300:~~~~~~~~~~~~~~~~~~~~~~          [     3 -  4%] 
 302:~~~~~~~~~~~~~~~                 [     2 -  3%] 
 303:~~~~~~~                         [     1 -  1%] 
 307:~~~~~~~~~~~~~~~                 [     2 -  3%] 
 308:~~~~~~~~~~~~~~~                 [     2 -  3%] 
 311:~~~~~~~                         [     1 -  1%] 
 313:~~~~~~~                         [     1 -  1%] 
 314:~~~~~~~~~~~~~~~                 [     2 -  3%] 
 315:~~~~~~~                         [     1 -  1%] 
 316:~~~~~~~                         [     1 -  1%] 
 317:~~~~~~~~~~~~~~~                 [     2 -  3%] 
 318:~~~~~~~~~~~~~~~                 [     2 -  3%] 
 324:~~~~~~~                         [     1 -  1%] 
 326:~~~~~~~~~~~~~~~                 [     2 -  3%] 
 327:~~~~~~~~~~~~~~~                 [     2 -  3%] 
 338:~~~~~~~                         [     1 -  1%] 
 341:~~~~~~~                         [     1 -  1%] 
 464:~~~~~~~                         [     1 -  1%] 
 528:~~~~~~~                         [     1 -  1%] 
 642:~~~~~~~                         [     1 -  1%] 

  !!! Attribute not promising: ['requirements/programming'] 

Treatments learned on c:\tim\src\pl\ivv\ivv.data:
worth=1.193482	[cmm=4] ['programming/design'=[1.530000..3.100000)] 
worth=1.209125	[cmm=4] ['requirements/design'=[42.040001..74.480003)] 
worth=1.209583	[cmm=4] ['design/programming'=[1.620000..3.180000)] 
worth=1.220808	[cmm=4] ['programming/requirements'=[28.020000..55.299999)] 
worth=1.223023	[cmm=4] ['programming/programming'=[1.010000..1.980000)] 
worth=1.232672	[cmm=4] ['requirements/requirements'=[5.570000..8.360000)] 
worth=1.237616	[cmm=4] ['design/design'=[166.979996..562.549988)] 
worth=1.238468	[cmm=4] ['programming/programming'=[1.980000..2.950000)] 
worth=1.239327	[cmm=4] [ivv=deployment] 
worth=1.239770	[cmm=4] ['programming/integration'=[6.160000..9.450000)] 
worth=1.239819	[cmm=4] ['design/programming'=[4.700000..8.380000)] 
worth=1.242741	[cmm=4] ['requirements/integration'=[4.660000..6.920000)] 
worth=1.244507	[cmm=4] [reworkByPhase=coyle99] 
worth=1.244848	[cmm=4] ['design/requirements'=[18.209999..30.270000)] 
worth=1.245422	[cmm=4] ['requirements/design'=[74.480003..188.029999)] 
worth=1.246341	[cmm=4] [defectDensity=[57.000000..58.000000)] 
worth=1.246657	[cmm=4] ['programming/integration'=[9.450000..16.020000)] 
worth=1.246985	[cmm=4] [ivv=fullPhase] 
worth=1.247366	[cmm=4] ['design/integration'=[8.460000..14.260000)] 
worth=1.249428	[cmm=4] ['programming/requirements'=[55.299999..115.250000)] 
worth=1.250492	[cmm=4] ['design/programming'=[3.180000..4.700000)] 
worth=1.251537	[cmm=4] ['design/integration'=[5.610000..8.460000)] 
worth=1.253348	[cmm=4] ['programming/design'=[1.030000..1.530000)] 
worth=1.253718	[cmm=4] ['design/requirements'=[10.620000..18.209999)] 
worth=1.258289	[cmm=4] ['requirements/requirements'=[8.360000..14.880000)] 
worth=1.265828	[cmm=4] ['requirements/integration'=[6.920000..11.300000)] 
worth=1.270434	[cmm=4] ['programming/programming'=[2.950000..5.370000)] 
worth=1.370731	[cmm=4] [reworkSaved=[0.000000..0.150000)] 
worth=1.370731	[cmm=5] ['requirements/requirements'=[5.570000..8.360000)] 
worth=1.370731	[cmm=5] ['requirements/requirements'=[8.360000..14.880000)] 
worth=1.370731	[cmm=5] ['requirements/design'=[42.040001..74.480003)] 

 Worth=1.193482
 Granularity=4 Promising=300.000000 Useful=1.000000 nChanges=2
 Treatment:[
	cmm=4
	'programming/design'=[1.530000..3.100000)]

              60:                                [     0 -  0%] 
              50:                                [     0 -  0%] 
              40:                                [     0 -  0%] 
              30:                                [     0 -  0%] 
              20:                                [     0 -  0%] 
              10:~~~~~~~~~~                      [    15 - 26%] 
               0:~~~~~~~~~~~~~~~~~~~~~~~~~~~~~~  [    43 - 74%] 

 Worth=1.209125
 Granularity=4 Promising=300.000000 Useful=1.000000 nChanges=2
 Treatment:[
	cmm=4
	'requirements/design'=[42.040001..74.480003)]

              60:                                [     0 -  0%] 
              50:                                [     0 -  0%] 
              40:                                [     0 -  0%] 
              30:                                [     0 -  0%] 
              20:                                [     0 -  0%] 
              10:~~~~~~~~~                       [    83 - 24%] 
               0:~~~~~~~~~~~~~~~~~~~~~~~~~~~~~~  [   269 - 76%] 

 Worth=1.209583
 Granularity=4 Promising=300.000000 Useful=1.000000 nChanges=2
 Treatment:[
	cmm=4
	'design/programming'=[1.620000..3.180000)]

              60:                                [     0 -  0%] 
              50:                                [     0 -  0%] 
              40:                                [     0 -  0%] 
              30:                                [     0 -  0%] 
              20:                                [     0 -  0%] 
              10:~~~~~~~~~                       [    83 - 24%] 
               0:~~~~~~~~~~~~~~~~~~~~~~~~~~~~~~  [   270 - 76%] 

 Worth=1.220808
 Granularity=4 Promising=300.000000 Useful=1.000000 nChanges=2
 Treatment:[
	cmm=4
	'programming/requirements'=[28.020000..55.299999)]

              60:                                [     0 -  0%] 
              50:                                [     0 -  0%] 
              40:                                [     0 -  0%] 
              30:                                [     0 -  0%] 
              20:                                [     0 -  0%] 
              10:~~~~~~~~                        [    63 - 22%] 
               0:~~~~~~~~~~~~~~~~~~~~~~~~~~~~~~  [   225 - 78%] 

 Worth=1.223023
 Granularity=4 Promising=300.000000 Useful=1.000000 nChanges=2
 Treatment:[
	cmm=4
	'programming/programming'=[1.010000..1.980000)]

              60:                                [     0 -  0%] 
              50:                                [     0 -  0%] 
              40:                                [     0 -  0%] 
              30:                                [     0 -  0%] 
              20:                                [     0 -  0%] 
              10:~~~~~~~~                        [    75 - 22%] 
               0:~~~~~~~~~~~~~~~~~~~~~~~~~~~~~~  [   273 - 78%] 

 Worth=1.232672
 Granularity=4 Promising=300.000000 Useful=1.000000 nChanges=2
 Treatment:[
	cmm=4
	'requirements/requirements'=[5.570000..8.360000)]

              60:                                [     0 -  0%] 
              50:                                [     0 -  0%] 
              40:                                [     0 -  0%] 
              30:                                [     0 -  0%] 
              20:                                [     0 -  0%] 
              10:~~~~~~~                         [    28 - 20%] 
               0:~~~~~~~~~~~~~~~~~~~~~~~~~~~~~~  [   111 - 80%] 

 Worth=1.237616
 Granularity=4 Promising=300.000000 Useful=1.000000 nChanges=2
 Treatment:[
	cmm=4
	'design/design'=[166.979996..562.549988)]

              60:                                [     0 -  0%] 
              50:                                [     0 -  0%] 
              40:                                [     0 -  0%] 
              30:                                [     0 -  0%] 
              20:                                [     0 -  0%] 
              10:~~~~~~~                         [    74 - 19%] 
               0:~~~~~~~~~~~~~~~~~~~~~~~~~~~~~~  [   307 - 81%] 

 Worth=1.238468
 Granularity=4 Promising=300.000000 Useful=1.000000 nChanges=2
 Treatment:[
	cmm=4
	'programming/programming'=[1.980000..2.950000)]

              60:                                [     0 -  0%] 
              50:                                [     0 -  0%] 
              40:                                [     0 -  0%] 
              30:                                [     0 -  0%] 
              20:                                [     0 -  0%] 
              10:~~~~~~~                         [    33 - 19%] 
               0:~~~~~~~~~~~~~~~~~~~~~~~~~~~~~~  [   138 - 81%] 

 Worth=1.239327
 Granularity=4 Promising=300.000000 Useful=1.000000 nChanges=2
 Treatment:[
	cmm=4
	ivv=deployment]

              60:                                [     0 -  0%] 
              50:                                [     0 -  0%] 
              40:                                [     0 -  0%] 
              30:                                [     0 -  0%] 
              20:                                [     0 -  0%] 
              10:~~~~~~~                         [    51 - 19%] 
               0:~~~~~~~~~~~~~~~~~~~~~~~~~~~~~~  [   215 - 81%] 

 Worth=1.239770
 Granularity=4 Promising=300.000000 Useful=1.000000 nChanges=2
 Treatment:[
	cmm=4
	'programming/integration'=[6.160000..9.450000)]

              60:                                [     0 -  0%] 
              50:                                [     0 -  0%] 
              40:                                [     0 -  0%] 
              30:                                [     0 -  0%] 
              20:                                [     0 -  0%] 
              10:~~~~~~~                         [    30 - 19%] 
               0:~~~~~~~~~~~~~~~~~~~~~~~~~~~~~~  [   127 - 81%] 

 Worth=1.239819
 Granularity=4 Promising=300.000000 Useful=1.000000 nChanges=2
 Treatment:[
	cmm=4
	'design/programming'=[4.700000..8.380000)]

              60:                                [     0 -  0%] 
              50:                                [     0 -  0%] 
              40:                                [     0 -  0%] 
              30:                                [     0 -  0%] 
              20:                                [     0 -  0%] 
              10:~~~~~~~                         [    17 - 19%] 
               0:~~~~~~~~~~~~~~~~~~~~~~~~~~~~~~  [    72 - 81%] 

 Worth=1.242741
 Granularity=4 Promising=300.000000 Useful=1.000000 nChanges=2
 Treatment:[
	cmm=4
	'requirements/integration'=[4.660000..6.920000)]

              60:                                [     0 -  0%] 
              50:                                [     0 -  0%] 
              40:                                [     0 -  0%] 
              30:                                [     0 -  0%] 
              20:                                [     0 -  0%] 
              10:~~~~~~                          [    31 - 19%] 
               0:~~~~~~~~~~~~~~~~~~~~~~~~~~~~~~  [   135 - 81%] 

 Worth=1.244507
 Granularity=4 Promising=300.000000 Useful=1.000000 nChanges=2
 Treatment:[
	cmm=4
	reworkByPhase=coyle99]

              60:                                [     0 -  0%] 
              50:                                [     0 -  0%] 
              40:                                [     0 -  0%] 
              30:                                [     0 -  0%] 
              20:                                [     0 -  0%] 
              10:~~~~~~                          [   121 - 18%] 
               0:~~~~~~~~~~~~~~~~~~~~~~~~~~~~~~  [   536 - 82%] 

 Worth=1.244848
 Granularity=4 Promising=300.000000 Useful=1.000000 nChanges=2
 Treatment:[
	cmm=4
	'design/requirements'=[18.209999..30.270000)]

              60:                                [     0 -  0%] 
              50:                                [     0 -  0%] 
              40:                                [     0 -  0%] 
              30:                                [     0 -  0%] 
              20:                                [     0 -  0%] 
              10:~~~~~~                          [    27 - 18%] 
               0:~~~~~~~~~~~~~~~~~~~~~~~~~~~~~~  [   120 - 82%] 

 Worth=1.245422
 Granularity=4 Promising=300.000000 Useful=1.000000 nChanges=2
 Treatment:[
	cmm=4
	'requirements/design'=[74.480003..188.029999)]

              60:                                [     0 -  0%] 
              50:                                [     0 -  0%] 
              40:                                [     0 -  0%] 
              30:                                [     0 -  0%] 
              20:                                [     0 -  0%] 
              10:~~~~~~                          [    49 - 18%] 
               0:~~~~~~~~~~~~~~~~~~~~~~~~~~~~~~  [   219 - 82%] 

 Worth=1.246341
 Granularity=4 Promising=300.000000 Useful=1.000000 nChanges=2
 Treatment:[
	cmm=4
	defectDensity=[57.000000..58.000000)]

              60:                                [     0 -  0%] 
              50:                                [     0 -  0%] 
              40:                                [     0 -  0%] 
              30:                                [     0 -  0%] 
              20:                                [     0 -  0%] 
              10:~~~~~~                          [    51 - 18%] 
               0:~~~~~~~~~~~~~~~~~~~~~~~~~~~~~~  [   230 - 82%] 

 Worth=1.246657
 Granularity=4 Promising=300.000000 Useful=1.000000 nChanges=2
 Treatment:[
	cmm=4
	'programming/integration'=[9.450000..16.020000)]

              60:                                [     0 -  0%] 
              50:                                [     0 -  0%] 
              40:                                [     0 -  0%] 
              30:                                [     0 -  0%] 
              20:                                [     0 -  0%] 
              10:~~~~~~                          [    21 - 18%] 
               0:~~~~~~~~~~~~~~~~~~~~~~~~~~~~~~  [    95 - 82%] 

 Worth=1.246985
 Granularity=4 Promising=300.000000 Useful=1.000000 nChanges=2
 Treatment:[
	cmm=4
	ivv=fullPhase]

              60:                                [     0 -  0%] 
              50:                                [     0 -  0%] 
              40:                                [     0 -  0%] 
              30:                                [     0 -  0%] 
              20:                                [     0 -  0%] 
              10:~~~~~~                          [    52 - 18%] 
               0:~~~~~~~~~~~~~~~~~~~~~~~~~~~~~~  [   236 - 82%] 

 Worth=1.247366
 Granularity=4 Promising=300.000000 Useful=1.000000 nChanges=2
 Treatment:[
	cmm=4
	'design/integration'=[8.460000..14.260000)]

              60:                                [     0 -  0%] 
              50:                                [     0 -  0%] 
              40:                                [     0 -  0%] 
              30:                                [     0 -  0%] 
              20:                                [     0 -  0%] 
              10:~~~~~~                          [    18 - 18%] 
               0:~~~~~~~~~~~~~~~~~~~~~~~~~~~~~~  [    82 - 82%] 

 Worth=1.249428
 Granularity=4 Promising=300.000000 Useful=1.000000 nChanges=2
 Treatment:[
	cmm=4
	'programming/requirements'=[55.299999..115.250000)]

              60:                                [     0 -  0%] 
              50:                                [     0 -  0%] 
              40:                                [     0 -  0%] 
              30:                                [     0 -  0%] 
              20:                                [     0 -  0%] 
              10:~~~~~~                          [    40 - 18%] 
               0:~~~~~~~~~~~~~~~~~~~~~~~~~~~~~~  [   186 - 82%] 

 Worth=1.250492
 Granularity=4 Promising=300.000000 Useful=1.000000 nChanges=2
 Treatment:[
	cmm=4
	'design/programming'=[3.180000..4.700000)]

              60:                                [     0 -  0%] 
              50:                                [     0 -  0%] 
              40:                                [     0 -  0%] 
              30:                                [     0 -  0%] 
              20:                                [     0 -  0%] 
              10:~~~~~~                          [    30 - 18%] 
               0:~~~~~~~~~~~~~~~~~~~~~~~~~~~~~~  [   141 - 82%] 

 Worth=1.251537
 Granularity=4 Promising=300.000000 Useful=1.000000 nChanges=2
 Treatment:[
	cmm=4
	'design/integration'=[5.610000..8.460000)]

              60:                                [     0 -  0%] 
              50:                                [     0 -  0%] 
              40:                                [     0 -  0%] 
              30:                                [     0 -  0%] 
              20:                                [     0 -  0%] 
              10:~~~~~~                          [    28 - 17%] 
               0:~~~~~~~~~~~~~~~~~~~~~~~~~~~~~~  [   133 - 83%] 

 Worth=1.253348
 Granularity=4 Promising=300.000000 Useful=1.000000 nChanges=2
 Treatment:[
	cmm=4
	'programming/design'=[1.030000..1.530000)]

              60:                                [     0 -  0%] 
              50:                                [     0 -  0%] 
              40:                                [     0 -  0%] 
              30:                                [     0 -  0%] 
              20:                                [     0 -  0%] 
              10:~~~~~~                          [    31 - 17%] 
               0:~~~~~~~~~~~~~~~~~~~~~~~~~~~~~~  [   150 - 83%] 

 Worth=1.253718
 Granularity=4 Promising=300.000000 Useful=1.000000 nChanges=2
 Treatment:[
	cmm=4
	'design/requirements'=[10.620000..18.209999)]

              60:                                [     0 -  0%] 
              50:                                [     0 -  0%] 
              40:                                [     0 -  0%] 
              30:                                [     0 -  0%] 
              20:                                [     0 -  0%] 
              10:~~~~~~                          [    28 - 17%] 
               0:~~~~~~~~~~~~~~~~~~~~~~~~~~~~~~  [   136 - 83%] 

 Worth=1.258289
 Granularity=4 Promising=300.000000 Useful=1.000000 nChanges=2
 Treatment:[
	cmm=4
	'requirements/requirements'=[8.360000..14.880000)]

              60:                                [     0 -  0%] 
              50:                                [     0 -  0%] 
              40:                                [     0 -  0%] 
              30:                                [     0 -  0%] 
              20:                                [     0 -  0%] 
              10:~~~~~                           [    21 - 16%] 
               0:~~~~~~~~~~~~~~~~~~~~~~~~~~~~~~  [   107 - 84%] 

 Worth=1.265828
 Granularity=4 Promising=300.000000 Useful=1.000000 nChanges=2
 Treatment:[
	cmm=4
	'requirements/integration'=[6.920000..11.300000)]

              60:                                [     0 -  0%] 
              50:                                [     0 -  0%] 
              40:                                [     0 -  0%] 
              30:                                [     0 -  0%] 
              20:                                [     0 -  0%] 
              10:~~~~~                           [    15 - 15%] 
               0:~~~~~~~~~~~~~~~~~~~~~~~~~~~~~~  [    83 - 85%] 

 Worth=1.270434
 Granularity=4 Promising=300.000000 Useful=1.000000 nChanges=2
 Treatment:[
	cmm=4
	'programming/programming'=[2.950000..5.370000)]

              60:                                [     0 -  0%] 
              50:                                [     0 -  0%] 
              40:                                [     0 -  0%] 
              30:                                [     0 -  0%] 
              20:                                [     0 -  0%] 
              10:~~~~~                           [    12 - 15%] 
               0:~~~~~~~~~~~~~~~~~~~~~~~~~~~~~~  [    70 - 85%] 

 Worth=1.370731
 Granularity=4 Promising=300.000000 Useful=1.000000 nChanges=2
 Treatment:[
	cmm=4
	reworkSaved=[0.000000..0.150000)]

              60:                                [     0 -  0%] 
              50:                                [     0 -  0%] 
              40:                                [     0 -  0%] 
              30:                                [     0 -  0%] 
              20:                                [     0 -  0%] 
              10:                                [     0 -  0%] 
               0:~~~~~~~~~~~~~~~~~~~~~~~~~~~~~~  [   619 - 100%] 

 Worth=1.370731
 Granularity=4 Promising=300.000000 Useful=1.000000 nChanges=2
 Treatment:[
	cmm=5
	'requirements/requirements'=[5.570000..8.360000)]

              60:                                [     0 -  0%] 
              50:                                [     0 -  0%] 
              40:                                [     0 -  0%] 
              30:                                [     0 -  0%] 
              20:                                [     0 -  0%] 
              10:                                [     0 -  0%] 
               0:~~~~~~~~~~~~~~~~~~~~~~~~~~~~~~  [   131 - 100%] 

 Worth=1.370731
 Granularity=4 Promising=300.000000 Useful=1.000000 nChanges=2
 Treatment:[
	cmm=5
	'requirements/requirements'=[8.360000..14.880000)]

              60:                                [     0 -  0%] 
              50:                                [     0 -  0%] 
              40:                                [     0 -  0%] 
              30:                                [     0 -  0%] 
              20:                                [     0 -  0%] 
              10:                                [     0 -  0%] 
               0:~~~~~~~~~~~~~~~~~~~~~~~~~~~~~~  [   115 - 100%] 

 Worth=1.370731
 Granularity=4 Promising=300.000000 Useful=1.000000 nChanges=2
 Treatment:[
	cmm=5
	'requirements/design'=[42.040001..74.480003)]

              60:                                [     0 -  0%] 
              50:                                [     0 -  0%] 
              40:                                [     0 -  0%] 
              30:                                [     0 -  0%] 
              20:                                [     0 -  0%] 
              10:                                [     0 -  0%] 
               0:~~~~~~~~~~~~~~~~~~~~~~~~~~~~~~  [   371 - 100%] 


 run time: 6 sec
