-------------------------------------------------------------------
                Welcome to TARZAN (Version 2.2)
        Copyright (c) 2001 Tim Menzies (tim@menzies.com)
              Copy policy: GPL-2 (see www.gnu.org)

...while on high, our hero watches for the right chance to strike!
-------------------------------------------------------------------

skew=20
Read 90000 cases (17 attributes) from XDF0.data

 Worth=1.000000
 Granularity=5 Promising=72.000000 Useful=2.500000 nChanges=2
 Treatment:[No Treatment]

         c20to31:~                               [   780 -  1%] 
         c14to19:~~~~~~~~~~~~~~~~~~              [ 13014 - 14%] 
         c12to13:~~~~~~~~~~~~~~~~                [ 11366 - 13%] 
         c10to11:~~~~~~~~~~~~~~~~~~~~~           [ 14890 - 17%] 
           c8to9:~~~~~~~~~~~~~~~~~~~~~~          [ 15576 - 17%] 
           c6to7:~~~~~~~~~~~~~~~~~~~             [ 13743 - 15%] 
           c0to5:~~~~~~~~~~~~~~~~~~~~~~~~~~~~~~  [ 20631 - 23%] 

	Confidence1 Distribution:

 -125:~~                              [     1 -  1%] 
 -124:~~                              [     1 -  1%] 
 -120:~~                              [     1 -  1%] 
 -78:~~                              [     1 -  1%] 
   0:~~~~~                           [     2 -  3%] 
  58:~~~~~                           [     2 -  3%] 
  59:~~                              [     1 -  1%] 
  61:~~~~~                           [     2 -  3%] 
  62:~~                              [     1 -  1%] 
  63:~~                              [     1 -  1%] 
  64:~~~~~~~~~~~~~~~~~~~~~~~~~~~~~~  [    11 - 15%] 
  65:~~                              [     1 -  1%] 
  68:~~~~~~~~~~~~~~~~~~~             [     7 - 10%] 
  69:~~~~~~~~~~~~~~~~~~~~~           [     8 - 11%] 
  70:~~~~~~~~~~~~~                   [     5 -  7%] 
  71:~~~~~~~~~~~~~~~~~~~             [     7 - 10%] 
  72:~~~~~                           [     2 -  3%] 
  74:~~~~~                           [     2 -  3%] 
  75:~~~~~~~~                        [     3 -  4%] 
  76:~~~~~~~~                        [     3 -  4%] 
  77:~~~~~~~~                        [     3 -  4%] 
  80:~~                              [     1 -  1%] 
  81:~~                              [     1 -  1%] 
  86:~~                              [     1 -  1%] 
  88:~~                              [     1 -  1%] 
  94:~~                              [     1 -  1%] 
 626:~~                              [     1 -  1%] 

  !!! Attribute not promising: ['from(programming)/to(deployment)'] [defectDensity] 

Treatments learned on XDF0.data:
worth=2.589504	['from(design)/to(design)'=[41.900002..52.410000)] [reworkSaved=[0.000000..0.130000)] 
worth=2.593694	['from(design)/to(deployment)'=[1.050000..1.360000)] [reworkSaved=[0.000000..0.130000)] 
worth=2.594017	['from(programming)/to(integration)'=[25.930000..32.639999)] [reworkSaved=[0.000000..0.130000)] 
worth=2.594930	['from(programming)/to(programming)'=[119.570000..148.529999)] [reworkSaved=[0.000000..0.130000)] 
worth=2.595359	['from(requirements)/to(integration)'=[1.710000..2.200000)] [reworkSaved=[0.000000..0.130000)] 
worth=2.595448	['from(requirements)/to(deployment)'=[0.540000..0.700000)] [reworkSaved=[0.000000..0.130000)] 
worth=2.596057	['from(programming)/to(programming)'=[148.529999..203.970001)] [reworkSaved=[0.000000..0.130000)] 
worth=2.597276	['from(design)/to(integration)'=[3.120000..4.010000)] [reworkSaved=[0.000000..0.130000)] 
worth=2.598254	['from(requirements)/to(programming)'=[2.530000..3.260000)] [reworkSaved=[0.000000..0.130000)] 
worth=2.598533	['from(requirements)/to(design)'=[3.150000..4.040000)] [reworkSaved=[0.000000..0.130000)] 
worth=2.599537	[reworkSaved=[0.000000..0.130000)] [reworkByPhase=coyle99] 
worth=2.599734	['from(design)/to(programming)'=[7.120000..9.080000)] [reworkSaved=[0.000000..0.130000)] 
worth=2.609377	[ivv=integration] [reworkSaved=[0.000000..0.130000)] 

Treatment tested on XDF0.test (10000 cases * 17 attributes)

 Worth=1.000000
 Granularity=5 Promising=72.000000 Useful=2.500000 nChanges=2
 Treatment:[No Treatment]

         c20to31:~                               [    86 -  1%] 
         c14to19:~~~~~~~~~~~~~~~~~~              [  1446 - 14%] 
         c12to13:~~~~~~~~~~~~~~~~                [  1263 - 13%] 
         c10to11:~~~~~~~~~~~~~~~~~~~~~           [  1655 - 17%] 
           c8to9:~~~~~~~~~~~~~~~~~~~~~~          [  1730 - 17%] 
           c6to7:~~~~~~~~~~~~~~~~~~~~            [  1528 - 15%] 
           c0to5:~~~~~~~~~~~~~~~~~~~~~~~~~~~~~~  [  2292 - 23%] 

 Worth=2.595503
 Granularity=5 Promising=72.000000 Useful=2.500000 nChanges=2
 Treatment:[
	'from(design)/to(design)'=[41.900002..52.410000)
	reworkSaved=[0.000000..0.130000)]

         c20to31:                                [     0 -  0%] 
         c14to19:                                [     0 -  0%] 
         c12to13:                                [     0 -  0%] 
         c10to11:                                [     0 -  0%] 
           c8to9:                                [     0 -  0%] 
           c6to7:                                [     4 -  2%] 
           c0to5:~~~~~~~~~~~~~~~~~~~~~~~~~~~~~~  [   237 - 98%] 

 Worth=2.597908
 Granularity=5 Promising=72.000000 Useful=2.500000 nChanges=2
 Treatment:[
	'from(design)/to(deployment)'=[1.050000..1.360000)
	reworkSaved=[0.000000..0.130000)]

         c20to31:                                [     0 -  0%] 
         c14to19:                                [     0 -  0%] 
         c12to13:                                [     0 -  0%] 
         c10to11:                                [     0 -  0%] 
           c8to9:                                [     0 -  0%] 
           c6to7:                                [     4 -  1%] 
           c0to5:~~~~~~~~~~~~~~~~~~~~~~~~~~~~~~  [   267 - 99%] 

 Worth=2.577718
 Granularity=5 Promising=72.000000 Useful=2.500000 nChanges=2
 Treatment:[
	'from(programming)/to(integration)'=[25.930000..32.639999)
	reworkSaved=[0.000000..0.130000)]

         c20to31:                                [     0 -  0%] 
         c14to19:                                [     0 -  0%] 
         c12to13:                                [     0 -  0%] 
         c10to11:                                [     0 -  0%] 
           c8to9:                                [     0 -  0%] 
           c6to7:                                [     8 -  3%] 
           c0to5:~~~~~~~~~~~~~~~~~~~~~~~~~~~~~~  [   257 - 97%] 

 Worth=2.590946
 Granularity=5 Promising=72.000000 Useful=2.500000 nChanges=2
 Treatment:[
	'from(programming)/to(programming)'=[119.570000..148.529999)
	reworkSaved=[0.000000..0.130000)]

         c20to31:                                [     0 -  0%] 
         c14to19:                                [     0 -  0%] 
         c12to13:                                [     0 -  0%] 
         c10to11:                                [     0 -  0%] 
           c8to9:                                [     0 -  0%] 
           c6to7:                                [     5 -  2%] 
           c0to5:~~~~~~~~~~~~~~~~~~~~~~~~~~~~~~  [   244 - 98%] 

 Worth=2.582786
 Granularity=5 Promising=72.000000 Useful=2.500000 nChanges=2
 Treatment:[
	'from(requirements)/to(integration)'=[1.710000..2.200000)
	reworkSaved=[0.000000..0.130000)]

         c20to31:                                [     0 -  0%] 
         c14to19:                                [     0 -  0%] 
         c12to13:                                [     0 -  0%] 
         c10to11:                                [     0 -  0%] 
           c8to9:                                [     0 -  0%] 
           c6to7:                                [     7 -  3%] 
           c0to5:~~~~~~~~~~~~~~~~~~~~~~~~~~~~~~  [   259 - 97%] 

 Worth=2.583043
 Granularity=5 Promising=72.000000 Useful=2.500000 nChanges=2
 Treatment:[
	'from(requirements)/to(deployment)'=[0.540000..0.700000)
	reworkSaved=[0.000000..0.130000)]

         c20to31:                                [     0 -  0%] 
         c14to19:                                [     0 -  0%] 
         c12to13:                                [     0 -  0%] 
         c10to11:                                [     0 -  0%] 
           c8to9:                                [     0 -  0%] 
           c6to7:                                [     7 -  3%] 
           c0to5:~~~~~~~~~~~~~~~~~~~~~~~~~~~~~~  [   261 - 97%] 

 Worth=2.599539
 Granularity=5 Promising=72.000000 Useful=2.500000 nChanges=2
 Treatment:[
	'from(programming)/to(programming)'=[148.529999..203.970001)
	reworkSaved=[0.000000..0.130000)]

         c20to31:                                [     0 -  0%] 
         c14to19:                                [     0 -  0%] 
         c12to13:                                [     0 -  0%] 
         c10to11:                                [     0 -  0%] 
           c8to9:                                [     0 -  0%] 
           c6to7:                                [     2 -  1%] 
           c0to5:~~~~~~~~~~~~~~~~~~~~~~~~~~~~~~  [   146 - 99%] 

 Worth=2.576802
 Granularity=5 Promising=72.000000 Useful=2.500000 nChanges=2
 Treatment:[
	'from(design)/to(integration)'=[3.120000..4.010000)
	reworkSaved=[0.000000..0.130000)]

         c20to31:                                [     0 -  0%] 
         c14to19:                                [     0 -  0%] 
         c12to13:                                [     0 -  0%] 
         c10to11:                                [     0 -  0%] 
           c8to9:                                [     0 -  0%] 
           c6to7:                                [     8 -  3%] 
           c0to5:~~~~~~~~~~~~~~~~~~~~~~~~~~~~~~  [   251 - 97%] 

 Worth=2.594504
 Granularity=5 Promising=72.000000 Useful=2.500000 nChanges=2
 Treatment:[
	'from(requirements)/to(programming)'=[2.530000..3.260000)
	reworkSaved=[0.000000..0.130000)]

         c20to31:                                [     0 -  0%] 
         c14to19:                                [     0 -  0%] 
         c12to13:                                [     0 -  0%] 
         c10to11:                                [     0 -  0%] 
           c8to9:                                [     0 -  0%] 
           c6to7:                                [     5 -  2%] 
           c0to5:~~~~~~~~~~~~~~~~~~~~~~~~~~~~~~  [   283 - 98%] 

 Worth=2.584033
 Granularity=5 Promising=72.000000 Useful=2.500000 nChanges=2
 Treatment:[
	'from(requirements)/to(design)'=[3.150000..4.040000)
	reworkSaved=[0.000000..0.130000)]

         c20to31:                                [     0 -  0%] 
         c14to19:                                [     0 -  0%] 
         c12to13:                                [     0 -  0%] 
         c10to11:                                [     0 -  0%] 
           c8to9:                                [     0 -  0%] 
           c6to7:                                [     7 -  3%] 
           c0to5:~~~~~~~~~~~~~~~~~~~~~~~~~~~~~~  [   269 - 97%] 

 Worth=2.597771
 Granularity=5 Promising=72.000000 Useful=2.500000 nChanges=2
 Treatment:[
	reworkSaved=[0.000000..0.130000)
	reworkByPhase=coyle99]

         c20to31:                                [     0 -  0%] 
         c14to19:                                [     0 -  0%] 
         c12to13:                                [     0 -  0%] 
         c10to11:                                [     0 -  0%] 
           c8to9:                                [     0 -  0%] 
           c6to7:                                [    11 -  1%] 
           c0to5:~~~~~~~~~~~~~~~~~~~~~~~~~~~~~~  [   729 - 99%] 

 Worth=2.579526
 Granularity=5 Promising=72.000000 Useful=2.500000 nChanges=2
 Treatment:[
	'from(design)/to(programming)'=[7.120000..9.080000)
	reworkSaved=[0.000000..0.130000)]

         c20to31:                                [     0 -  0%] 
         c14to19:                                [     0 -  0%] 
         c12to13:                                [     0 -  0%] 
         c10to11:                                [     0 -  0%] 
           c8to9:                                [     0 -  0%] 
           c6to7:                                [     7 -  3%] 
           c0to5:~~~~~~~~~~~~~~~~~~~~~~~~~~~~~~  [   236 - 97%] 

 Worth=2.608177
 Granularity=5 Promising=72.000000 Useful=2.500000 nChanges=2
 Treatment:[
	ivv=integration
	reworkSaved=[0.000000..0.130000)]

         c20to31:                                [     0 -  0%] 
         c14to19:                                [     0 -  0%] 
         c12to13:                                [     0 -  0%] 
         c10to11:                                [     0 -  0%] 
           c8to9:                                [     0 -  0%] 
           c6to7:                                [     3 -  1%] 
           c0to5:~~~~~~~~~~~~~~~~~~~~~~~~~~~~~~  [   431 - 99%] 


---- 02/17/02 15:23:56 ---
  Setup: 99 sec
Compute: 13 sec
  Apply: 2 sec
  Total: 114 sec
--------------------------------------
