-------------------------------------------------------------------
                Welcome to TARZAN (Version 2.2)
        Copyright (c) 2001 Tim Menzies (tim@menzies.com)
              Copy policy: GPL-2 (see www.gnu.org)

...while on high, our hero watches for the right chance to strike!
-------------------------------------------------------------------

skew=20
Read 90000 cases (17 attributes) from XDF3.data

 Worth=1.000000
 Granularity=5 Promising=72.000000 Useful=2.500000 nChanges=2
 Treatment:[No Treatment]

         c20to31:~                               [   780 -  1%] 
         c14to19:~~~~~~~~~~~~~~~~~~              [ 13014 - 14%] 
         c12to13:~~~~~~~~~~~~~~~~                [ 11366 - 13%] 
         c10to11:~~~~~~~~~~~~~~~~~~~~~           [ 14890 - 17%] 
           c8to9:~~~~~~~~~~~~~~~~~~~~~~          [ 15576 - 17%] 
           c6to7:~~~~~~~~~~~~~~~~~~~             [ 13744 - 15%] 
           c0to5:~~~~~~~~~~~~~~~~~~~~~~~~~~~~~~  [ 20630 - 23%] 

	Confidence1 Distribution:

 -125:~~                              [     1 -  1%] 
 -123:~~                              [     1 -  1%] 
 -120:~~                              [     1 -  1%] 
 -78:~~                              [     1 -  1%] 
   0:~~~~~                           [     2 -  3%] 
  57:~~                              [     1 -  1%] 
  58:~~                              [     1 -  1%] 
  60:~~                              [     1 -  1%] 
  61:~~                              [     1 -  1%] 
  62:~~                              [     1 -  1%] 
  63:~~~~~~~~~~~~~~~~~~~~~~~~~~~~~~  [    11 - 15%] 
  64:~~~~~                           [     2 -  3%] 
  65:~~                              [     1 -  1%] 
  66:~~                              [     1 -  1%] 
  67:~~                              [     1 -  1%] 
  68:~~~~~                           [     2 -  3%] 
  69:~~~~~~~~~~~~~~~~                [     6 -  8%] 
  70:~~~~~~~~~~~~~~~~~~~             [     7 - 10%] 
  71:~~~~~~~~~~~~~~~~~~~             [     7 - 10%] 
  72:~~                              [     1 -  1%] 
  73:~~                              [     1 -  1%] 
  74:~~                              [     1 -  1%] 
  75:~~~~~~~~~~~~~~~~                [     6 -  8%] 
  76:~~~~~~~~                        [     3 -  4%] 
  77:~~~~~                           [     2 -  3%] 
  78:~~                              [     1 -  1%] 
  79:~~                              [     1 -  1%] 
  80:~~                              [     1 -  1%] 
  83:~~                              [     1 -  1%] 
  84:~~                              [     1 -  1%] 
  91:~~                              [     1 -  1%] 
  92:~~                              [     1 -  1%] 
 626:~~                              [     1 -  1%] 

  !!! Attribute not promising: ['from(programming)/to(deployment)'] [defectDensity] 

Treatments learned on XDF3.data:
worth=2.500870	['from(design)/to(design)'=[52.459999..77.930000)] [reworkSaved=[0.000000..0.130000)] 
worth=2.589410	['from(design)/to(design)'=[41.939999..52.459999)] [reworkSaved=[0.000000..0.130000)] 
worth=2.591231	['from(requirements)/to(deployment)'=[0.220000..0.380000)] [reworkSaved=[0.000000..0.130000)] 
worth=2.592413	['from(programming)/to(integration)'=[25.889999..32.570000)] [reworkSaved=[0.000000..0.130000)] 
worth=2.593926	['from(programming)/to(programming)'=[119.470001..148.399994)] [reworkSaved=[0.000000..0.130000)] 
worth=2.594236	['from(design)/to(deployment)'=[1.050000..1.360000)] [reworkSaved=[0.000000..0.130000)] 
worth=2.594389	['from(requirements)/to(integration)'=[1.700000..2.190000)] [reworkSaved=[0.000000..0.130000)] 
worth=2.594783	['from(design)/to(integration)'=[3.130000..4.020000)] [reworkSaved=[0.000000..0.130000)] 
worth=2.594805	['from(requirements)/to(deployment)'=[0.540000..0.700000)] [reworkSaved=[0.000000..0.130000)] 
worth=2.597882	['from(requirements)/to(programming)'=[2.520000..3.240000)] [reworkSaved=[0.000000..0.130000)] 
worth=2.598678	['from(programming)/to(programming)'=[148.399994..203.720001)] [reworkSaved=[0.000000..0.130000)] 
worth=2.599171	['from(design)/to(programming)'=[7.130000..9.090000)] [reworkSaved=[0.000000..0.130000)] 
worth=2.599402	['from(requirements)/to(design)'=[3.140000..4.030000)] [reworkSaved=[0.000000..0.130000)] 
worth=2.599454	[reworkSaved=[0.000000..0.130000)] [reworkByPhase=coyle99] 
worth=2.609356	[ivv=integration] [reworkSaved=[0.000000..0.130000)] 

Treatment tested on XDF3.test (10000 cases * 17 attributes)

 Worth=1.000000
 Granularity=5 Promising=72.000000 Useful=2.500000 nChanges=2
 Treatment:[No Treatment]

         c20to31:~                               [    86 -  1%] 
         c14to19:~~~~~~~~~~~~~~~~~~              [  1446 - 14%] 
         c12to13:~~~~~~~~~~~~~~~~                [  1263 - 13%] 
         c10to11:~~~~~~~~~~~~~~~~~~~~~           [  1655 - 17%] 
           c8to9:~~~~~~~~~~~~~~~~~~~~~~          [  1730 - 17%] 
           c6to7:~~~~~~~~~~~~~~~~~~~             [  1527 - 15%] 
           c0to5:~~~~~~~~~~~~~~~~~~~~~~~~~~~~~~  [  2293 - 23%] 

 Worth=2.590731
 Granularity=5 Promising=72.000000 Useful=2.500000 nChanges=2
 Treatment:[
	'from(design)/to(design)'=[52.459999..77.930000)
	reworkSaved=[0.000000..0.130000)]

         c20to31:                                [     0 -  0%] 
         c14to19:                                [     0 -  0%] 
         c12to13:                                [     0 -  0%] 
         c10to11:                                [     0 -  0%] 
           c8to9:                                [     0 -  0%] 
           c6to7:                                [     1 -  1%] 
           c0to5:~~~~~~~~~~~~~~~~~~~~~~~~~~~~~~  [   114 - 99%] 

 Worth=2.591124
 Granularity=5 Promising=72.000000 Useful=2.500000 nChanges=2
 Treatment:[
	'from(design)/to(design)'=[41.939999..52.459999)
	reworkSaved=[0.000000..0.130000)]

         c20to31:                                [     0 -  0%] 
         c14to19:                                [     0 -  0%] 
         c12to13:                                [     0 -  0%] 
         c10to11:                                [     0 -  0%] 
           c8to9:                                [     0 -  0%] 
           c6to7:                                [     5 -  2%] 
           c0to5:~~~~~~~~~~~~~~~~~~~~~~~~~~~~~~  [   249 - 98%] 

 Worth=2.586627
 Granularity=5 Promising=72.000000 Useful=2.500000 nChanges=2
 Treatment:[
	'from(requirements)/to(deployment)'=[0.220000..0.380000)
	reworkSaved=[0.000000..0.130000)]

         c20to31:                                [     0 -  0%] 
         c14to19:                                [     0 -  0%] 
         c12to13:                                [     0 -  0%] 
         c10to11:                                [     0 -  0%] 
           c8to9:                                [     0 -  0%] 
           c6to7:                                [    12 -  2%] 
           c0to5:~~~~~~~~~~~~~~~~~~~~~~~~~~~~~~  [   507 - 98%] 

 Worth=2.583894
 Granularity=5 Promising=72.000000 Useful=2.500000 nChanges=2
 Treatment:[
	'from(programming)/to(integration)'=[25.889999..32.570000)
	reworkSaved=[0.000000..0.130000)]

         c20to31:                                [     0 -  0%] 
         c14to19:                                [     0 -  0%] 
         c12to13:                                [     0 -  0%] 
         c10to11:                                [     0 -  0%] 
           c8to9:                                [     0 -  0%] 
           c6to7:                                [     6 -  3%] 
           c0to5:~~~~~~~~~~~~~~~~~~~~~~~~~~~~~~  [   232 - 97%] 

 Worth=2.600388
 Granularity=5 Promising=72.000000 Useful=2.500000 nChanges=2
 Treatment:[
	'from(programming)/to(programming)'=[119.470001..148.399994)
	reworkSaved=[0.000000..0.130000)]

         c20to31:                                [     0 -  0%] 
         c14to19:                                [     0 -  0%] 
         c12to13:                                [     0 -  0%] 
         c10to11:                                [     0 -  0%] 
           c8to9:                                [     0 -  0%] 
           c6to7:                                [     3 -  1%] 
           c0to5:~~~~~~~~~~~~~~~~~~~~~~~~~~~~~~  [   235 - 99%] 

 Worth=2.593348
 Granularity=5 Promising=72.000000 Useful=2.500000 nChanges=2
 Treatment:[
	'from(design)/to(deployment)'=[1.050000..1.360000)
	reworkSaved=[0.000000..0.130000)]

         c20to31:                                [     0 -  0%] 
         c14to19:                                [     0 -  0%] 
         c12to13:                                [     0 -  0%] 
         c10to11:                                [     0 -  0%] 
           c8to9:                                [     0 -  0%] 
           c6to7:                                [     5 -  2%] 
           c0to5:~~~~~~~~~~~~~~~~~~~~~~~~~~~~~~  [   273 - 98%] 

 Worth=2.592650
 Granularity=5 Promising=72.000000 Useful=2.500000 nChanges=2
 Treatment:[
	'from(requirements)/to(integration)'=[1.700000..2.190000)
	reworkSaved=[0.000000..0.130000)]

         c20to31:                                [     0 -  0%] 
         c14to19:                                [     0 -  0%] 
         c12to13:                                [     0 -  0%] 
         c10to11:                                [     0 -  0%] 
           c8to9:                                [     0 -  0%] 
           c6to7:                                [     5 -  2%] 
           c0to5:~~~~~~~~~~~~~~~~~~~~~~~~~~~~~~  [   265 - 98%] 

 Worth=2.597131
 Granularity=5 Promising=72.000000 Useful=2.500000 nChanges=2
 Treatment:[
	'from(design)/to(integration)'=[3.130000..4.020000)
	reworkSaved=[0.000000..0.130000)]

         c20to31:                                [     0 -  0%] 
         c14to19:                                [     0 -  0%] 
         c12to13:                                [     0 -  0%] 
         c10to11:                                [     0 -  0%] 
           c8to9:                                [     0 -  0%] 
           c6to7:                                [     4 -  2%] 
           c0to5:~~~~~~~~~~~~~~~~~~~~~~~~~~~~~~  [   261 - 98%] 

 Worth=2.588539
 Granularity=5 Promising=72.000000 Useful=2.500000 nChanges=2
 Treatment:[
	'from(requirements)/to(deployment)'=[0.540000..0.700000)
	reworkSaved=[0.000000..0.130000)]

         c20to31:                                [     0 -  0%] 
         c14to19:                                [     0 -  0%] 
         c12to13:                                [     0 -  0%] 
         c10to11:                                [     0 -  0%] 
           c8to9:                                [     0 -  0%] 
           c6to7:                                [     6 -  2%] 
           c0to5:~~~~~~~~~~~~~~~~~~~~~~~~~~~~~~  [   271 - 98%] 

 Worth=2.597131
 Granularity=5 Promising=72.000000 Useful=2.500000 nChanges=2
 Treatment:[
	'from(requirements)/to(programming)'=[2.520000..3.240000)
	reworkSaved=[0.000000..0.130000)]

         c20to31:                                [     0 -  0%] 
         c14to19:                                [     0 -  0%] 
         c12to13:                                [     0 -  0%] 
         c10to11:                                [     0 -  0%] 
           c8to9:                                [     0 -  0%] 
           c6to7:                                [     4 -  2%] 
           c0to5:~~~~~~~~~~~~~~~~~~~~~~~~~~~~~~  [   261 - 98%] 

 Worth=2.577470
 Granularity=5 Promising=72.000000 Useful=2.500000 nChanges=2
 Treatment:[
	'from(programming)/to(programming)'=[148.399994..203.720001)
	reworkSaved=[0.000000..0.130000)]

         c20to31:                                [     0 -  0%] 
         c14to19:                                [     0 -  0%] 
         c12to13:                                [     0 -  0%] 
         c10to11:                                [     0 -  0%] 
           c8to9:                                [     0 -  0%] 
           c6to7:                                [     5 -  3%] 
           c0to5:~~~~~~~~~~~~~~~~~~~~~~~~~~~~~~  [   161 - 97%] 

 Worth=2.585352
 Granularity=5 Promising=72.000000 Useful=2.500000 nChanges=2
 Treatment:[
	'from(design)/to(programming)'=[7.130000..9.090000)
	reworkSaved=[0.000000..0.130000)]

         c20to31:                                [     0 -  0%] 
         c14to19:                                [     0 -  0%] 
         c12to13:                                [     0 -  0%] 
         c10to11:                                [     0 -  0%] 
           c8to9:                                [     0 -  0%] 
           c6to7:                                [     6 -  2%] 
           c0to5:~~~~~~~~~~~~~~~~~~~~~~~~~~~~~~  [   243 - 98%] 

 Worth=2.575831
 Granularity=5 Promising=72.000000 Useful=2.500000 nChanges=2
 Treatment:[
	'from(requirements)/to(design)'=[3.140000..4.030000)
	reworkSaved=[0.000000..0.130000)]

         c20to31:                                [     0 -  0%] 
         c14to19:                                [     0 -  0%] 
         c12to13:                                [     0 -  0%] 
         c10to11:                                [     0 -  0%] 
           c8to9:                                [     0 -  0%] 
           c6to7:                                [     8 -  3%] 
           c0to5:~~~~~~~~~~~~~~~~~~~~~~~~~~~~~~  [   247 - 97%] 

 Worth=2.598569
 Granularity=5 Promising=72.000000 Useful=2.500000 nChanges=2
 Treatment:[
	reworkSaved=[0.000000..0.130000)
	reworkByPhase=coyle99]

         c20to31:                                [     0 -  0%] 
         c14to19:                                [     0 -  0%] 
         c12to13:                                [     0 -  0%] 
         c10to11:                                [     0 -  0%] 
           c8to9:                                [     0 -  0%] 
           c6to7:                                [    11 -  1%] 
           c0to5:~~~~~~~~~~~~~~~~~~~~~~~~~~~~~~  [   775 - 99%] 

 Worth=2.608439
 Granularity=5 Promising=72.000000 Useful=2.500000 nChanges=2
 Treatment:[
	ivv=integration
	reworkSaved=[0.000000..0.130000)]

         c20to31:                                [     0 -  0%] 
         c14to19:                                [     0 -  0%] 
         c12to13:                                [     0 -  0%] 
         c10to11:                                [     0 -  0%] 
           c8to9:                                [     0 -  0%] 
           c6to7:                                [     3 -  1%] 
           c0to5:~~~~~~~~~~~~~~~~~~~~~~~~~~~~~~  [   462 - 99%] 


---- 02/17/02 15:29:09 ---
  Setup: 89 sec
Compute: 17 sec
  Apply: 3 sec
  Total: 109 sec
--------------------------------------
