-------------------------------------------------------------------
                Welcome to TARZAN (Version 2.2)
        Copyright (c) 2001 Tim Menzies (tim@menzies.com)
              Copy policy: GPL-2 (see www.gnu.org)

...while on high, our hero watches for the right chance to strike!
-------------------------------------------------------------------

skew=20
Read 90000 cases (17 attributes) from XDF8.data

 Worth=1.000000
 Granularity=5 Promising=72.000000 Useful=2.500000 nChanges=2
 Treatment:[No Treatment]

         c20to31:~                               [   779 -  1%] 
         c14to19:~~~~~~~~~~~~~~~~~~              [ 13014 - 14%] 
         c12to13:~~~~~~~~~~~~~~~~                [ 11366 - 13%] 
         c10to11:~~~~~~~~~~~~~~~~~~~~~           [ 14891 - 17%] 
           c8to9:~~~~~~~~~~~~~~~~~~~~~~          [ 15575 - 17%] 
           c6to7:~~~~~~~~~~~~~~~~~~~             [ 13744 - 15%] 
           c0to5:~~~~~~~~~~~~~~~~~~~~~~~~~~~~~~  [ 20631 - 23%] 

	Confidence1 Distribution:

 -125:~~                              [     1 -  1%] 
 -123:~~                              [     1 -  1%] 
 -120:~~                              [     1 -  1%] 
 -78:~~                              [     1 -  1%] 
   0:~~~~~                           [     2 -  3%] 
  59:~~                              [     1 -  1%] 
  60:~~                              [     1 -  1%] 
  61:~~~~~~~~                        [     3 -  4%] 
  62:~~                              [     1 -  1%] 
  63:~~                              [     1 -  1%] 
  64:~~~~~~~~~~~~~~~~~~~~~~~~~~~~~~  [    11 - 15%] 
  65:~~                              [     1 -  1%] 
  66:~~                              [     1 -  1%] 
  67:~~                              [     1 -  1%] 
  68:~~~~~~~~~~~~~~~~                [     6 -  8%] 
  69:~~~~~~~~~~~~~~~~~~~~~~~~~~~~~~  [    11 - 15%] 
  70:~~~~~~~~~~                      [     4 -  6%] 
  71:~~~~~~~~~~                      [     4 -  6%] 
  72:~~                              [     1 -  1%] 
  73:~~                              [     1 -  1%] 
  74:~~~~~                           [     2 -  3%] 
  75:~~                              [     1 -  1%] 
  76:~~~~~                           [     2 -  3%] 
  77:~~~~~~~~                        [     3 -  4%] 
  78:~~~~~                           [     2 -  3%] 
  80:~~                              [     1 -  1%] 
  81:~~                              [     1 -  1%] 
  83:~~~~~                           [     2 -  3%] 
  87:~~                              [     1 -  1%] 
  90:~~                              [     1 -  1%] 
 626:~~                              [     1 -  1%] 

  !!! Attribute not promising: ['from(programming)/to(deployment)'] [defectDensity] 

Treatments learned on XDF8.data:
worth=2.522288	['from(design)/to(design)'=[52.400002..77.930000)] [reworkSaved=[0.000000..0.130000)] 
worth=2.591558	['from(design)/to(design)'=[41.889999..52.400002)] [reworkSaved=[0.000000..0.130000)] 
worth=2.592269	['from(programming)/to(integration)'=[25.990000..32.700001)] [reworkSaved=[0.000000..0.130000)] 
worth=2.592867	['from(requirements)/to(integration)'=[1.700000..2.190000)] [reworkSaved=[0.000000..0.130000)] 
worth=2.593934	['from(design)/to(deployment)'=[1.050000..1.360000)] [reworkSaved=[0.000000..0.130000)] 
worth=2.594797	['from(design)/to(integration)'=[3.130000..4.020000)] [reworkSaved=[0.000000..0.130000)] 
worth=2.595606	['from(requirements)/to(deployment)'=[0.550000..0.710000)] [reworkSaved=[0.000000..0.130000)] 
worth=2.595788	['from(programming)/to(programming)'=[119.559998..148.539993)] [reworkSaved=[0.000000..0.130000)] 
worth=2.596316	['from(requirements)/to(design)'=[3.160000..4.050000)] [reworkSaved=[0.000000..0.130000)] 
worth=2.596750	['from(programming)/to(programming)'=[148.539993..203.970001)] [reworkSaved=[0.000000..0.130000)] 
worth=2.597841	['from(design)/to(programming)'=[7.120000..9.080000)] [reworkSaved=[0.000000..0.130000)] 
worth=2.598467	['from(requirements)/to(programming)'=[2.520000..3.240000)] [reworkSaved=[0.000000..0.130000)] 
worth=2.598604	[reworkSaved=[0.000000..0.130000)] [reworkByPhase=coyle99] 
worth=2.608930	[ivv=integration] [reworkSaved=[0.000000..0.130000)] 

Treatment tested on XDF8.test (10000 cases * 17 attributes)

 Worth=1.000000
 Granularity=5 Promising=72.000000 Useful=2.500000 nChanges=2
 Treatment:[No Treatment]

         c20to31:~                               [    87 -  1%] 
         c14to19:~~~~~~~~~~~~~~~~~~              [  1446 - 14%] 
         c12to13:~~~~~~~~~~~~~~~~                [  1263 - 13%] 
         c10to11:~~~~~~~~~~~~~~~~~~~~~           [  1654 - 17%] 
           c8to9:~~~~~~~~~~~~~~~~~~~~~~          [  1731 - 17%] 
           c6to7:~~~~~~~~~~~~~~~~~~~             [  1527 - 15%] 
           c0to5:~~~~~~~~~~~~~~~~~~~~~~~~~~~~~~  [  2292 - 23%] 

 Worth=2.606999
 Granularity=5 Promising=72.000000 Useful=2.500000 nChanges=2
 Treatment:[
	'from(design)/to(design)'=[52.400002..77.930000)
	reworkSaved=[0.000000..0.130000)]

         c20to31:                                [     0 -  0%] 
         c14to19:                                [     0 -  0%] 
         c12to13:                                [     0 -  0%] 
         c10to11:                                [     0 -  0%] 
           c8to9:                                [     0 -  0%] 
           c6to7:                                [     1 -  1%] 
           c0to5:~~~~~~~~~~~~~~~~~~~~~~~~~~~~~~  [   124 - 99%] 

 Worth=2.576203
 Granularity=5 Promising=72.000000 Useful=2.500000 nChanges=2
 Treatment:[
	'from(design)/to(design)'=[41.889999..52.400002)
	reworkSaved=[0.000000..0.130000)]

         c20to31:                                [     0 -  0%] 
         c14to19:                                [     0 -  0%] 
         c12to13:                                [     0 -  0%] 
         c10to11:                                [     0 -  0%] 
           c8to9:                                [     0 -  0%] 
           c6to7:                                [     7 -  3%] 
           c0to5:~~~~~~~~~~~~~~~~~~~~~~~~~~~~~~  [   215 - 97%] 

 Worth=2.585806
 Granularity=5 Promising=72.000000 Useful=2.500000 nChanges=2
 Treatment:[
	'from(programming)/to(integration)'=[25.990000..32.700001)
	reworkSaved=[0.000000..0.130000)]

         c20to31:                                [     0 -  0%] 
         c14to19:                                [     0 -  0%] 
         c12to13:                                [     0 -  0%] 
         c10to11:                                [     0 -  0%] 
           c8to9:                                [     0 -  0%] 
           c6to7:                                [     6 -  2%] 
           c0to5:~~~~~~~~~~~~~~~~~~~~~~~~~~~~~~  [   242 - 98%] 

 Worth=2.606653
 Granularity=5 Promising=72.000000 Useful=2.500000 nChanges=2
 Treatment:[
	'from(requirements)/to(integration)'=[1.700000..2.190000)
	reworkSaved=[0.000000..0.130000)]

         c20to31:                                [     0 -  0%] 
         c14to19:                                [     0 -  0%] 
         c12to13:                                [     0 -  0%] 
         c10to11:                                [     0 -  0%] 
           c8to9:                                [     0 -  0%] 
           c6to7:                                [     2 -  1%] 
           c0to5:~~~~~~~~~~~~~~~~~~~~~~~~~~~~~~  [   240 - 99%] 

 Worth=2.596102
 Granularity=5 Promising=72.000000 Useful=2.500000 nChanges=2
 Treatment:[
	'from(design)/to(deployment)'=[1.050000..1.360000)
	reworkSaved=[0.000000..0.130000)]

         c20to31:                                [     0 -  0%] 
         c14to19:                                [     0 -  0%] 
         c12to13:                                [     0 -  0%] 
         c10to11:                                [     0 -  0%] 
           c8to9:                                [     0 -  0%] 
           c6to7:                                [     4 -  2%] 
           c0to5:~~~~~~~~~~~~~~~~~~~~~~~~~~~~~~  [   241 - 98%] 

 Worth=2.597100
 Granularity=5 Promising=72.000000 Useful=2.500000 nChanges=2
 Treatment:[
	'from(design)/to(integration)'=[3.130000..4.020000)
	reworkSaved=[0.000000..0.130000)]

         c20to31:                                [     0 -  0%] 
         c14to19:                                [     0 -  0%] 
         c12to13:                                [     0 -  0%] 
         c10to11:                                [     0 -  0%] 
           c8to9:                                [     0 -  0%] 
           c6to7:                                [     4 -  2%] 
           c0to5:~~~~~~~~~~~~~~~~~~~~~~~~~~~~~~  [   253 - 98%] 

 Worth=2.606236
 Granularity=5 Promising=72.000000 Useful=2.500000 nChanges=2
 Treatment:[
	'from(requirements)/to(deployment)'=[0.550000..0.710000)
	reworkSaved=[0.000000..0.130000)]

         c20to31:                                [     0 -  0%] 
         c14to19:                                [     0 -  0%] 
         c12to13:                                [     0 -  0%] 
         c10to11:                                [     0 -  0%] 
           c8to9:                                [     0 -  0%] 
           c6to7:                                [     2 -  1%] 
           c0to5:~~~~~~~~~~~~~~~~~~~~~~~~~~~~~~  [   231 - 99%] 

 Worth=2.582414
 Granularity=5 Promising=72.000000 Useful=2.500000 nChanges=2
 Treatment:[
	'from(programming)/to(programming)'=[119.559998..148.539993)
	reworkSaved=[0.000000..0.130000)]

         c20to31:                                [     0 -  0%] 
         c14to19:                                [     0 -  0%] 
         c12to13:                                [     0 -  0%] 
         c10to11:                                [     0 -  0%] 
           c8to9:                                [     0 -  0%] 
           c6to7:                                [     6 -  3%] 
           c0to5:~~~~~~~~~~~~~~~~~~~~~~~~~~~~~~  [   218 - 97%] 

 Worth=2.602310
 Granularity=5 Promising=72.000000 Useful=2.500000 nChanges=2
 Treatment:[
	'from(requirements)/to(design)'=[3.160000..4.050000)
	reworkSaved=[0.000000..0.130000)]

         c20to31:                                [     0 -  0%] 
         c14to19:                                [     0 -  0%] 
         c12to13:                                [     0 -  0%] 
         c10to11:                                [     0 -  0%] 
           c8to9:                                [     0 -  0%] 
           c6to7:                                [     3 -  1%] 
           c0to5:~~~~~~~~~~~~~~~~~~~~~~~~~~~~~~  [   256 - 99%] 

 Worth=2.593233
 Granularity=5 Promising=72.000000 Useful=2.500000 nChanges=2
 Treatment:[
	'from(programming)/to(programming)'=[148.539993..203.970001)
	reworkSaved=[0.000000..0.130000)]

         c20to31:                                [     0 -  0%] 
         c14to19:                                [     0 -  0%] 
         c12to13:                                [     0 -  0%] 
         c10to11:                                [     0 -  0%] 
           c8to9:                                [     0 -  0%] 
           c6to7:                                [     3 -  2%] 
           c0to5:~~~~~~~~~~~~~~~~~~~~~~~~~~~~~~  [   159 - 98%] 

 Worth=2.597020
 Granularity=5 Promising=72.000000 Useful=2.500000 nChanges=2
 Treatment:[
	'from(design)/to(programming)'=[7.120000..9.080000)
	reworkSaved=[0.000000..0.130000)]

         c20to31:                                [     0 -  0%] 
         c14to19:                                [     0 -  0%] 
         c12to13:                                [     0 -  0%] 
         c10to11:                                [     0 -  0%] 
           c8to9:                                [     0 -  0%] 
           c6to7:                                [     4 -  2%] 
           c0to5:~~~~~~~~~~~~~~~~~~~~~~~~~~~~~~  [   252 - 98%] 

 Worth=2.591605
 Granularity=5 Promising=72.000000 Useful=2.500000 nChanges=2
 Treatment:[
	'from(requirements)/to(programming)'=[2.520000..3.240000)
	reworkSaved=[0.000000..0.130000)]

         c20to31:                                [     0 -  0%] 
         c14to19:                                [     0 -  0%] 
         c12to13:                                [     0 -  0%] 
         c10to11:                                [     0 -  0%] 
           c8to9:                                [     0 -  0%] 
           c6to7:                                [     5 -  2%] 
           c0to5:~~~~~~~~~~~~~~~~~~~~~~~~~~~~~~  [   248 - 98%] 

 Worth=2.606548
 Granularity=5 Promising=72.000000 Useful=2.500000 nChanges=2
 Treatment:[
	reworkSaved=[0.000000..0.130000)
	reworkByPhase=coyle99]

         c20to31:                                [     0 -  0%] 
         c14to19:                                [     0 -  0%] 
         c12to13:                                [     0 -  0%] 
         c10to11:                                [     0 -  0%] 
           c8to9:                                [     0 -  0%] 
           c6to7:                                [     6 -  1%] 
           c0to5:~~~~~~~~~~~~~~~~~~~~~~~~~~~~~~  [   713 - 99%] 

 Worth=2.612083
 Granularity=5 Promising=72.000000 Useful=2.500000 nChanges=2
 Treatment:[
	ivv=integration
	reworkSaved=[0.000000..0.130000)]

         c20to31:                                [     0 -  0%] 
         c14to19:                                [     0 -  0%] 
         c12to13:                                [     0 -  0%] 
         c10to11:                                [     0 -  0%] 
           c8to9:                                [     0 -  0%] 
           c6to7:                                [     2 -  0%] 
           c0to5:~~~~~~~~~~~~~~~~~~~~~~~~~~~~~~  [   484 - 100%] 


---- 02/17/02 15:37:55 ---
  Setup: 82 sec
Compute: 13 sec
  Apply: 3 sec
  Total: 98 sec
--------------------------------------
