-------------------------------------------------------------------
                Welcome to TARZAN (Version 2.2)
        Copyright (c) 2001 Tim Menzies (tim@menzies.com)
              Copy policy: GPL-2 (see www.gnu.org)

...while on high, our hero watches for the right chance to strike!
-------------------------------------------------------------------

skew=20
Read 90000 cases (17 attributes) from XDF9.data

 Worth=1.000000
 Granularity=5 Promising=72.000000 Useful=2.500000 nChanges=2
 Treatment:[No Treatment]

         c20to31:~                               [   779 -  1%] 
         c14to19:~~~~~~~~~~~~~~~~~~              [ 13014 - 14%] 
         c12to13:~~~~~~~~~~~~~~~~                [ 11366 - 13%] 
         c10to11:~~~~~~~~~~~~~~~~~~~~~           [ 14891 - 17%] 
           c8to9:~~~~~~~~~~~~~~~~~~~~~~          [ 15575 - 17%] 
           c6to7:~~~~~~~~~~~~~~~~~~~             [ 13744 - 15%] 
           c0to5:~~~~~~~~~~~~~~~~~~~~~~~~~~~~~~  [ 20631 - 23%] 

	Confidence1 Distribution:

 -125:~~                              [     1 -  1%] 
 -123:~~                              [     1 -  1%] 
 -120:~~                              [     1 -  1%] 
 -78:~~                              [     1 -  1%] 
   0:~~~~~                           [     2 -  3%] 
  59:~~                              [     1 -  1%] 
  60:~~                              [     1 -  1%] 
  61:~~~~~~~~                        [     3 -  4%] 
  63:~~                              [     1 -  1%] 
  64:~~~~~~~~~~~~~~~~~~~~~~~~~~~~~~  [    11 - 15%] 
  65:~~                              [     1 -  1%] 
  66:~~                              [     1 -  1%] 
  67:~~~~~~~~~~~~~                   [     5 -  7%] 
  68:~~~~~~~~                        [     3 -  4%] 
  69:~~~~~~~~~~~~~~~~~~~~~~~~~~~     [    10 - 14%] 
  70:~~~~~~~~~~~~~                   [     5 -  7%] 
  71:~~~~~~~~~~                      [     4 -  6%] 
  72:~~                              [     1 -  1%] 
  73:~~~~~                           [     2 -  3%] 
  74:~~~~~~~~                        [     3 -  4%] 
  75:~~                              [     1 -  1%] 
  76:~~~~~~~~~~                      [     4 -  6%] 
  77:~~                              [     1 -  1%] 
  78:~~                              [     1 -  1%] 
  80:~~~~~                           [     2 -  3%] 
  83:~~                              [     1 -  1%] 
  91:~~                              [     1 -  1%] 
  92:~~                              [     1 -  1%] 
 627:~~                              [     1 -  1%] 

  !!! Attribute not promising: ['from(programming)/to(deployment)'] [defectDensity] 

Treatments learned on XDF9.data:
worth=2.589709	['from(programming)/to(integration)'=[25.920000..32.630001)] [reworkSaved=[0.000000..0.130000)] 
worth=2.589736	['from(design)/to(design)'=[41.939999..52.439999)] [reworkSaved=[0.000000..0.130000)] 
worth=2.592250	['from(design)/to(deployment)'=[1.050000..1.360000)] [reworkSaved=[0.000000..0.130000)] 
worth=2.592693	['from(requirements)/to(deployment)'=[0.540000..0.700000)] [reworkSaved=[0.000000..0.130000)] 
worth=2.592723	['from(programming)/to(programming)'=[119.440002..148.389999)] [reworkSaved=[0.000000..0.130000)] 
worth=2.592737	['from(requirements)/to(integration)'=[1.700000..2.190000)] [reworkSaved=[0.000000..0.130000)] 
worth=2.593729	['from(design)/to(integration)'=[3.130000..4.020000)] [reworkSaved=[0.000000..0.130000)] 
worth=2.594951	['from(programming)/to(programming)'=[148.389999..203.970001)] [reworkSaved=[0.000000..0.130000)] 
worth=2.595080	['from(requirements)/to(design)'=[3.170000..4.070000)] [reworkSaved=[0.000000..0.130000)] 
worth=2.596373	['from(requirements)/to(programming)'=[2.500000..3.220000)] [reworkSaved=[0.000000..0.130000)] 
worth=2.597226	['from(design)/to(programming)'=[7.140000..9.100000)] [reworkSaved=[0.000000..0.130000)] 
worth=2.600173	[reworkSaved=[0.000000..0.130000)] [reworkByPhase=coyle99] 
worth=2.609939	[ivv=integration] [reworkSaved=[0.000000..0.130000)] 

Treatment tested on XDF9.test (10000 cases * 17 attributes)

 Worth=1.000000
 Granularity=5 Promising=72.000000 Useful=2.500000 nChanges=2
 Treatment:[No Treatment]

         c20to31:~                               [    87 -  1%] 
         c14to19:~~~~~~~~~~~~~~~~~~              [  1446 - 14%] 
         c12to13:~~~~~~~~~~~~~~~~                [  1263 - 13%] 
         c10to11:~~~~~~~~~~~~~~~~~~~~~           [  1654 - 17%] 
           c8to9:~~~~~~~~~~~~~~~~~~~~~~          [  1731 - 17%] 
           c6to7:~~~~~~~~~~~~~~~~~~~             [  1527 - 15%] 
           c0to5:~~~~~~~~~~~~~~~~~~~~~~~~~~~~~~  [  2292 - 23%] 

 Worth=2.611704
 Granularity=5 Promising=72.000000 Useful=2.500000 nChanges=2
 Treatment:[
	'from(programming)/to(integration)'=[25.920000..32.630001)
	reworkSaved=[0.000000..0.130000)]

         c20to31:                                [     0 -  0%] 
         c14to19:                                [     0 -  0%] 
         c12to13:                                [     0 -  0%] 
         c10to11:                                [     0 -  0%] 
           c8to9:                                [     0 -  0%] 
           c6to7:                                [     1 -  0%] 
           c0to5:~~~~~~~~~~~~~~~~~~~~~~~~~~~~~~  [   226 - 100%] 

 Worth=2.593565
 Granularity=5 Promising=72.000000 Useful=2.500000 nChanges=2
 Treatment:[
	'from(design)/to(design)'=[41.939999..52.439999)
	reworkSaved=[0.000000..0.130000)]

         c20to31:                                [     0 -  0%] 
         c14to19:                                [     0 -  0%] 
         c12to13:                                [     0 -  0%] 
         c10to11:                                [     0 -  0%] 
           c8to9:                                [     0 -  0%] 
           c6to7:                                [     4 -  2%] 
           c0to5:~~~~~~~~~~~~~~~~~~~~~~~~~~~~~~  [   215 - 98%] 

 Worth=2.612083
 Granularity=5 Promising=72.000000 Useful=2.500000 nChanges=2
 Treatment:[
	'from(design)/to(deployment)'=[1.050000..1.360000)
	reworkSaved=[0.000000..0.130000)]

         c20to31:                                [     0 -  0%] 
         c14to19:                                [     0 -  0%] 
         c12to13:                                [     0 -  0%] 
         c10to11:                                [     0 -  0%] 
           c8to9:                                [     0 -  0%] 
           c6to7:                                [     1 -  0%] 
           c0to5:~~~~~~~~~~~~~~~~~~~~~~~~~~~~~~  [   242 - 100%] 

 Worth=2.606915
 Granularity=5 Promising=72.000000 Useful=2.500000 nChanges=2
 Treatment:[
	'from(requirements)/to(deployment)'=[0.540000..0.700000)
	reworkSaved=[0.000000..0.130000)]

         c20to31:                                [     0 -  0%] 
         c14to19:                                [     0 -  0%] 
         c12to13:                                [     0 -  0%] 
         c10to11:                                [     0 -  0%] 
           c8to9:                                [     0 -  0%] 
           c6to7:                                [     2 -  1%] 
           c0to5:~~~~~~~~~~~~~~~~~~~~~~~~~~~~~~  [   246 - 99%] 

 Worth=2.611828
 Granularity=5 Promising=72.000000 Useful=2.500000 nChanges=2
 Treatment:[
	'from(programming)/to(programming)'=[119.440002..148.389999)
	reworkSaved=[0.000000..0.130000)]

         c20to31:                                [     0 -  0%] 
         c14to19:                                [     0 -  0%] 
         c12to13:                                [     0 -  0%] 
         c10to11:                                [     0 -  0%] 
           c8to9:                                [     0 -  0%] 
           c6to7:                                [     1 -  0%] 
           c0to5:~~~~~~~~~~~~~~~~~~~~~~~~~~~~~~  [   231 - 100%] 

 Worth=2.607164
 Granularity=5 Promising=72.000000 Useful=2.500000 nChanges=2
 Treatment:[
	'from(requirements)/to(integration)'=[1.700000..2.190000)
	reworkSaved=[0.000000..0.130000)]

         c20to31:                                [     0 -  0%] 
         c14to19:                                [     0 -  0%] 
         c12to13:                                [     0 -  0%] 
         c10to11:                                [     0 -  0%] 
           c8to9:                                [     0 -  0%] 
           c6to7:                                [     2 -  1%] 
           c0to5:~~~~~~~~~~~~~~~~~~~~~~~~~~~~~~  [   252 - 99%] 

 Worth=2.606957
 Granularity=5 Promising=72.000000 Useful=2.500000 nChanges=2
 Treatment:[
	'from(design)/to(integration)'=[3.130000..4.020000)
	reworkSaved=[0.000000..0.130000)]

         c20to31:                                [     0 -  0%] 
         c14to19:                                [     0 -  0%] 
         c12to13:                                [     0 -  0%] 
         c10to11:                                [     0 -  0%] 
           c8to9:                                [     0 -  0%] 
           c6to7:                                [     2 -  1%] 
           c0to5:~~~~~~~~~~~~~~~~~~~~~~~~~~~~~~  [   247 - 99%] 

 Worth=2.609440
 Granularity=5 Promising=72.000000 Useful=2.500000 nChanges=2
 Treatment:[
	'from(programming)/to(programming)'=[148.389999..203.970001)
	reworkSaved=[0.000000..0.130000)]

         c20to31:                                [     0 -  0%] 
         c14to19:                                [     0 -  0%] 
         c12to13:                                [     0 -  0%] 
         c10to11:                                [     0 -  0%] 
           c8to9:                                [     0 -  0%] 
           c6to7:                                [     1 -  1%] 
           c0to5:~~~~~~~~~~~~~~~~~~~~~~~~~~~~~~  [   162 - 99%] 

 Worth=2.612493
 Granularity=5 Promising=72.000000 Useful=2.500000 nChanges=2
 Treatment:[
	'from(requirements)/to(design)'=[3.170000..4.070000)
	reworkSaved=[0.000000..0.130000)]

         c20to31:                                [     0 -  0%] 
         c14to19:                                [     0 -  0%] 
         c12to13:                                [     0 -  0%] 
         c10to11:                                [     0 -  0%] 
           c8to9:                                [     0 -  0%] 
           c6to7:                                [     1 -  0%] 
           c0to5:~~~~~~~~~~~~~~~~~~~~~~~~~~~~~~  [   262 - 100%] 

 Worth=2.617469
 Granularity=5 Promising=72.000000 Useful=2.500000 nChanges=2
 Treatment:[
	'from(requirements)/to(programming)'=[2.500000..3.220000)
	reworkSaved=[0.000000..0.130000)]

         c20to31:                                [     0 -  0%] 
         c14to19:                                [     0 -  0%] 
         c12to13:                                [     0 -  0%] 
         c10to11:                                [     0 -  0%] 
           c8to9:                                [     0 -  0%] 
           c6to7:                                [     0 -  0%] 
           c0to5:~~~~~~~~~~~~~~~~~~~~~~~~~~~~~~  [   274 - 100%] 

 Worth=2.602251
 Granularity=5 Promising=72.000000 Useful=2.500000 nChanges=2
 Treatment:[
	'from(design)/to(programming)'=[7.140000..9.100000)
	reworkSaved=[0.000000..0.130000)]

         c20to31:                                [     0 -  0%] 
         c14to19:                                [     0 -  0%] 
         c12to13:                                [     0 -  0%] 
         c10to11:                                [     0 -  0%] 
           c8to9:                                [     0 -  0%] 
           c6to7:                                [     3 -  1%] 
           c0to5:~~~~~~~~~~~~~~~~~~~~~~~~~~~~~~  [   255 - 99%] 

 Worth=2.592398
 Granularity=5 Promising=72.000000 Useful=2.500000 nChanges=2
 Treatment:[
	reworkSaved=[0.000000..0.130000)
	reworkByPhase=coyle99]

         c20to31:                                [     0 -  0%] 
         c14to19:                                [     0 -  0%] 
         c12to13:                                [     0 -  0%] 
         c10to11:                                [     0 -  0%] 
           c8to9:                                [     0 -  0%] 
           c6to7:                                [    15 -  2%] 
           c0to5:~~~~~~~~~~~~~~~~~~~~~~~~~~~~~~  [   768 - 98%] 

 Worth=2.603182
 Granularity=5 Promising=72.000000 Useful=2.500000 nChanges=2
 Treatment:[
	ivv=integration
	reworkSaved=[0.000000..0.130000)]

         c20to31:                                [     0 -  0%] 
         c14to19:                                [     0 -  0%] 
         c12to13:                                [     0 -  0%] 
         c10to11:                                [     0 -  0%] 
           c8to9:                                [     0 -  0%] 
           c6to7:                                [     5 -  1%] 
           c0to5:~~~~~~~~~~~~~~~~~~~~~~~~~~~~~~  [   453 - 99%] 


---- 02/17/02 15:39:31 ---
  Setup: 81 sec
Compute: 13 sec
  Apply: 2 sec
  Total: 96 sec
--------------------------------------
