---------------------------------------------
Summary of N-way cross validation experiments
---------------------------------------------
	Data file: 10000 cases * 17 attributes

	Parameter: granularity = 5
	           promising = 0
	           nChanges = 2
	           skew = 20 (means: bestClass= 5.00%)


----- Trial 0: Treatments=13 -----
worthOnData=2.589504 worthOnTest=2.595503 ['from(design)/to(design)'=[41.900002..52.410000)] [reworkSaved=[0.000000..0.130000)] 
worthOnData=2.593694 worthOnTest=2.597908 ['from(design)/to(deployment)'=[1.050000..1.360000)] [reworkSaved=[0.000000..0.130000)] 
worthOnData=2.594017 worthOnTest=2.577718 ['from(programming)/to(integration)'=[25.930000..32.639999)] [reworkSaved=[0.000000..0.130000)] 
worthOnData=2.594930 worthOnTest=2.590946 ['from(programming)/to(programming)'=[119.570000..148.529999)] [reworkSaved=[0.000000..0.130000)] 
worthOnData=2.595359 worthOnTest=2.582786 ['from(requirements)/to(integration)'=[1.710000..2.200000)] [reworkSaved=[0.000000..0.130000)] 
worthOnData=2.595448 worthOnTest=2.583043 ['from(requirements)/to(deployment)'=[0.540000..0.700000)] [reworkSaved=[0.000000..0.130000)] 
worthOnData=2.596057 worthOnTest=2.599539 ['from(programming)/to(programming)'=[148.529999..203.970001)] [reworkSaved=[0.000000..0.130000)] 
worthOnData=2.597276 worthOnTest=2.576802 ['from(design)/to(integration)'=[3.120000..4.010000)] [reworkSaved=[0.000000..0.130000)] 
worthOnData=2.598254 worthOnTest=2.594504 ['from(requirements)/to(programming)'=[2.530000..3.260000)] [reworkSaved=[0.000000..0.130000)] 
worthOnData=2.598533 worthOnTest=2.584033 ['from(requirements)/to(design)'=[3.150000..4.040000)] [reworkSaved=[0.000000..0.130000)] 
worthOnData=2.599537 worthOnTest=2.597771 [reworkSaved=[0.000000..0.130000)] [reworkByPhase=coyle99] 
worthOnData=2.599734 worthOnTest=2.579526 ['from(design)/to(programming)'=[7.120000..9.080000)] [reworkSaved=[0.000000..0.130000)] 
worthOnData=2.609377 worthOnTest=2.608177 [ivv=integration] [reworkSaved=[0.000000..0.130000)] 

----- Trial 1: Treatments=15 -----
worthOnData=2.562994 worthOnTest=2.454599 ['from(design)/to(design)'=[52.389999..77.930000)] [reworkSaved=[0.000000..0.130000)] 
worthOnData=2.589810 worthOnTest=2.599599 ['from(requirements)/to(deployment)'=[0.220000..0.380000)] [reworkSaved=[0.000000..0.130000)] 
worthOnData=2.589981 worthOnTest=2.601365 ['from(programming)/to(integration)'=[25.969999..32.689999)] [reworkSaved=[0.000000..0.130000)] 
worthOnData=2.591938 worthOnTest=2.573981 ['from(design)/to(design)'=[41.900002..52.389999)] [reworkSaved=[0.000000..0.130000)] 
worthOnData=2.594936 worthOnTest=2.608546 ['from(programming)/to(programming)'=[148.619995..203.970001)] [reworkSaved=[0.000000..0.130000)] 
worthOnData=2.595428 worthOnTest=2.583453 ['from(design)/to(deployment)'=[1.050000..1.360000)] [reworkSaved=[0.000000..0.130000)] 
worthOnData=2.595456 worthOnTest=2.583083 ['from(requirements)/to(deployment)'=[0.540000..0.700000)] [reworkSaved=[0.000000..0.130000)] 
worthOnData=2.596272 worthOnTest=2.587696 ['from(design)/to(integration)'=[3.110000..4.000000)] [reworkSaved=[0.000000..0.130000)] 
worthOnData=2.596359 worthOnTest=2.574673 ['from(requirements)/to(integration)'=[1.700000..2.190000)] [reworkSaved=[0.000000..0.130000)] 
worthOnData=2.596761 worthOnTest=2.577968 ['from(programming)/to(programming)'=[119.510002..148.619995)] [reworkSaved=[0.000000..0.130000)] 
worthOnData=2.598374 worthOnTest=2.586350 ['from(requirements)/to(design)'=[3.150000..4.040000)] [reworkSaved=[0.000000..0.130000)] 
worthOnData=2.599029 worthOnTest=2.602502 [reworkSaved=[0.000000..0.130000)] [reworkByPhase=coyle99] 
worthOnData=2.599077 worthOnTest=2.592560 ['from(requirements)/to(programming)'=[2.510000..3.230000)] [reworkSaved=[0.000000..0.130000)] 
worthOnData=2.599574 worthOnTest=2.583207 ['from(design)/to(programming)'=[7.130000..9.090000)] [reworkSaved=[0.000000..0.130000)] 
worthOnData=2.608761 worthOnTest=2.613940 [ivv=integration] [reworkSaved=[0.000000..0.130000)] 

----- Trial 2: Treatments=14 -----
worthOnData=2.588438 worthOnTest=2.605697 ['from(design)/to(design)'=[52.340000..77.930000)] [reworkSaved=[0.000000..0.130000)] 
worthOnData=2.589137 worthOnTest=2.598957 ['from(design)/to(design)'=[41.840000..52.340000)] [reworkSaved=[0.000000..0.130000)] 
worthOnData=2.590551 worthOnTest=2.600388 ['from(programming)/to(integration)'=[25.879999..32.549999)] [reworkSaved=[0.000000..0.130000)] 
worthOnData=2.593083 worthOnTest=2.600988 ['from(design)/to(deployment)'=[1.060000..1.370000)] [reworkSaved=[0.000000..0.130000)] 
worthOnData=2.593555 worthOnTest=2.600388 ['from(requirements)/to(integration)'=[1.700000..2.190000)] [reworkSaved=[0.000000..0.130000)] 
worthOnData=2.593763 worthOnTest=2.606496 ['from(design)/to(integration)'=[3.130000..4.020000)] [reworkSaved=[0.000000..0.130000)] 
worthOnData=2.593969 worthOnTest=2.595431 ['from(requirements)/to(deployment)'=[0.540000..0.700000)] [reworkSaved=[0.000000..0.130000)] 
worthOnData=2.594670 worthOnTest=2.593722 ['from(programming)/to(programming)'=[119.500000..148.460007)] [reworkSaved=[0.000000..0.130000)] 
worthOnData=2.595094 worthOnTest=2.608384 ['from(programming)/to(programming)'=[148.460007..203.970001)] [reworkSaved=[0.000000..0.130000)] 
worthOnData=2.595788 worthOnTest=2.605792 ['from(requirements)/to(design)'=[3.180000..4.080000)] [reworkSaved=[0.000000..0.130000)] 
worthOnData=2.596433 worthOnTest=2.611167 ['from(design)/to(programming)'=[7.130000..9.090000)] [reworkSaved=[0.000000..0.130000)] 
worthOnData=2.596945 worthOnTest=2.606200 ['from(requirements)/to(programming)'=[2.520000..3.240000)] [reworkSaved=[0.000000..0.130000)] 
worthOnData=2.600266 worthOnTest=2.591457 [reworkSaved=[0.000000..0.130000)] [reworkByPhase=coyle99] 
worthOnData=2.609022 worthOnTest=2.611348 [ivv=integration] [reworkSaved=[0.000000..0.130000)] 

----- Trial 3: Treatments=15 -----
worthOnData=2.500870 worthOnTest=2.590731 ['from(design)/to(design)'=[52.459999..77.930000)] [reworkSaved=[0.000000..0.130000)] 
worthOnData=2.589410 worthOnTest=2.591124 ['from(design)/to(design)'=[41.939999..52.459999)] [reworkSaved=[0.000000..0.130000)] 
worthOnData=2.591231 worthOnTest=2.586627 ['from(requirements)/to(deployment)'=[0.220000..0.380000)] [reworkSaved=[0.000000..0.130000)] 
worthOnData=2.592413 worthOnTest=2.583894 ['from(programming)/to(integration)'=[25.889999..32.570000)] [reworkSaved=[0.000000..0.130000)] 
worthOnData=2.593926 worthOnTest=2.600388 ['from(programming)/to(programming)'=[119.470001..148.399994)] [reworkSaved=[0.000000..0.130000)] 
worthOnData=2.594236 worthOnTest=2.593348 ['from(design)/to(deployment)'=[1.050000..1.360000)] [reworkSaved=[0.000000..0.130000)] 
worthOnData=2.594389 worthOnTest=2.592650 ['from(requirements)/to(integration)'=[1.700000..2.190000)] [reworkSaved=[0.000000..0.130000)] 
worthOnData=2.594783 worthOnTest=2.597131 ['from(design)/to(integration)'=[3.130000..4.020000)] [reworkSaved=[0.000000..0.130000)] 
worthOnData=2.594805 worthOnTest=2.588539 ['from(requirements)/to(deployment)'=[0.540000..0.700000)] [reworkSaved=[0.000000..0.130000)] 
worthOnData=2.597882 worthOnTest=2.597131 ['from(requirements)/to(programming)'=[2.520000..3.240000)] [reworkSaved=[0.000000..0.130000)] 
worthOnData=2.598678 worthOnTest=2.577470 ['from(programming)/to(programming)'=[148.399994..203.720001)] [reworkSaved=[0.000000..0.130000)] 
worthOnData=2.599171 worthOnTest=2.585352 ['from(design)/to(programming)'=[7.130000..9.090000)] [reworkSaved=[0.000000..0.130000)] 
worthOnData=2.599402 worthOnTest=2.575831 ['from(requirements)/to(design)'=[3.140000..4.030000)] [reworkSaved=[0.000000..0.130000)] 
worthOnData=2.599454 worthOnTest=2.598569 [reworkSaved=[0.000000..0.130000)] [reworkByPhase=coyle99] 
worthOnData=2.609356 worthOnTest=2.608439 [ivv=integration] [reworkSaved=[0.000000..0.130000)] 

----- Trial 4: Treatments=14 -----
worthOnData=2.557809 worthOnTest=2.606336 ['from(design)/to(design)'=[52.369999..77.930000)] [reworkSaved=[0.000000..0.130000)] 
worthOnData=2.589244 worthOnTest=2.597057 ['from(design)/to(design)'=[41.869999..52.369999)] [reworkSaved=[0.000000..0.130000)] 
worthOnData=2.590833 worthOnTest=2.597747 ['from(programming)/to(integration)'=[25.889999..32.580002)] [reworkSaved=[0.000000..0.130000)] 
worthOnData=2.592566 worthOnTest=2.607732 ['from(requirements)/to(integration)'=[1.700000..2.190000)] [reworkSaved=[0.000000..0.130000)] 
worthOnData=2.592926 worthOnTest=2.602090 ['from(design)/to(deployment)'=[1.060000..1.370000)] [reworkSaved=[0.000000..0.130000)] 
worthOnData=2.593261 worthOnTest=2.601722 ['from(requirements)/to(deployment)'=[0.540000..0.700000)] [reworkSaved=[0.000000..0.130000)] 
worthOnData=2.593796 worthOnTest=2.602777 ['from(design)/to(integration)'=[3.100000..3.980000)] [reworkSaved=[0.000000..0.130000)] 
worthOnData=2.594116 worthOnTest=2.600576 ['from(programming)/to(programming)'=[119.250000..148.309998)] [reworkSaved=[0.000000..0.130000)] 
worthOnData=2.596420 worthOnTest=2.602090 ['from(requirements)/to(design)'=[3.150000..4.040000)] [reworkSaved=[0.000000..0.130000)] 
worthOnData=2.596696 worthOnTest=2.595369 ['from(programming)/to(programming)'=[148.309998..203.970001)] [reworkSaved=[0.000000..0.130000)] 
worthOnData=2.597276 worthOnTest=2.602209 ['from(design)/to(programming)'=[7.130000..9.090000)] [reworkSaved=[0.000000..0.130000)] 
worthOnData=2.598953 worthOnTest=2.603163 [reworkSaved=[0.000000..0.130000)] [reworkByPhase=coyle99] 
worthOnData=2.598963 worthOnTest=2.593718 ['from(requirements)/to(programming)'=[2.510000..3.230000)] [reworkSaved=[0.000000..0.130000)] 
worthOnData=2.608994 worthOnTest=2.611699 [ivv=integration] [reworkSaved=[0.000000..0.130000)] 

----- Trial 5: Treatments=16 -----
worthOnData=2.536203 worthOnTest=2.352956 ['from(design)/to(design)'=[52.439999..77.930000)] [reworkSaved=[0.000000..0.130000)] 
worthOnData=2.589633 worthOnTest=2.595098 ['from(design)/to(design)'=[41.910000..52.439999)] [reworkSaved=[0.000000..0.130000)] 
worthOnData=2.590273 worthOnTest=2.595371 ['from(requirements)/to(deployment)'=[0.220000..0.380000)] [reworkSaved=[0.000000..0.130000)] 
worthOnData=2.590605 worthOnTest=2.591853 [defectDensity=[16.000000..27.000000)] [reworkSaved=[0.000000..0.130000)] 
worthOnData=2.592719 worthOnTest=2.587034 ['from(programming)/to(integration)'=[25.959999..32.639999)] [reworkSaved=[0.000000..0.130000)] 
worthOnData=2.593405 worthOnTest=2.600833 ['from(requirements)/to(deployment)'=[0.540000..0.700000)] [reworkSaved=[0.000000..0.130000)] 
worthOnData=2.593945 worthOnTest=2.596529 ['from(requirements)/to(integration)'=[1.700000..2.190000)] [reworkSaved=[0.000000..0.130000)] 
worthOnData=2.594452 worthOnTest=2.591295 ['from(design)/to(deployment)'=[1.050000..1.360000)] [reworkSaved=[0.000000..0.130000)] 
worthOnData=2.594954 worthOnTest=2.595747 ['from(design)/to(integration)'=[3.130000..4.020000)] [reworkSaved=[0.000000..0.130000)] 
worthOnData=2.595050 worthOnTest=2.590869 ['from(programming)/to(programming)'=[119.459999..148.520004)] [reworkSaved=[0.000000..0.130000)] 
worthOnData=2.595985 worthOnTest=2.600135 ['from(programming)/to(programming)'=[148.520004..203.970001)] [reworkSaved=[0.000000..0.130000)] 
worthOnData=2.596558 worthOnTest=2.601951 ['from(requirements)/to(design)'=[3.140000..4.030000)] [reworkSaved=[0.000000..0.130000)] 
worthOnData=2.597346 worthOnTest=2.602368 ['from(requirements)/to(programming)'=[2.530000..3.260000)] [reworkSaved=[0.000000..0.130000)] 
worthOnData=2.597996 worthOnTest=2.595381 ['from(design)/to(programming)'=[7.140000..9.100000)] [reworkSaved=[0.000000..0.130000)] 
worthOnData=2.598967 worthOnTest=2.603068 [reworkSaved=[0.000000..0.130000)] [reworkByPhase=coyle99] 
worthOnData=2.609632 worthOnTest=2.605888 [ivv=integration] [reworkSaved=[0.000000..0.130000)] 

----- Trial 6: Treatments=14 -----
worthOnData=2.557668 worthOnTest=1.966230 ['from(design)/to(design)'=[52.490002..77.930000)] [reworkSaved=[0.000000..0.130000)] 
worthOnData=2.588064 worthOnTest=2.601889 ['from(design)/to(design)'=[41.980000..52.490002)] [reworkSaved=[0.000000..0.130000)] 
worthOnData=2.591894 worthOnTest=2.589385 ['from(programming)/to(integration)'=[25.990000..32.709999)] [reworkSaved=[0.000000..0.130000)] 
worthOnData=2.595130 worthOnTest=2.584476 ['from(requirements)/to(deployment)'=[0.540000..0.700000)] [reworkSaved=[0.000000..0.130000)] 
worthOnData=2.595198 worthOnTest=2.584887 ['from(requirements)/to(integration)'=[1.700000..2.190000)] [reworkSaved=[0.000000..0.130000)] 
worthOnData=2.595390 worthOnTest=2.588125 ['from(programming)/to(programming)'=[119.370003..148.429993)] [reworkSaved=[0.000000..0.130000)] 
worthOnData=2.595797 worthOnTest=2.579613 ['from(design)/to(integration)'=[3.090000..3.970000)] [reworkSaved=[0.000000..0.130000)] 
worthOnData=2.596106 worthOnTest=2.612171 ['from(design)/to(programming)'=[7.160000..9.130000)] [reworkSaved=[0.000000..0.130000)] 
worthOnData=2.596740 worthOnTest=2.570165 ['from(design)/to(deployment)'=[1.050000..1.360000)] [reworkSaved=[0.000000..0.130000)] 
worthOnData=2.596823 worthOnTest=2.592776 ['from(programming)/to(programming)'=[148.429993..203.970001)] [reworkSaved=[0.000000..0.130000)] 
worthOnData=2.597617 worthOnTest=2.590976 ['from(requirements)/to(design)'=[3.150000..4.040000)] [reworkSaved=[0.000000..0.130000)] 
worthOnData=2.598101 worthOnTest=2.610590 [reworkSaved=[0.000000..0.130000)] [reworkByPhase=coyle99] 
worthOnData=2.600338 worthOnTest=2.581823 ['from(requirements)/to(programming)'=[2.500000..3.220000)] [reworkSaved=[0.000000..0.130000)] 
worthOnData=2.608696 worthOnTest=2.614528 [ivv=integration] [reworkSaved=[0.000000..0.130000)] 

----- Trial 7: Treatments=17 -----
worthOnData=2.542583 worthOnTest=2.215484 ['from(design)/to(design)'=[52.450001..77.930000)] [reworkSaved=[0.000000..0.130000)] 
worthOnData=2.589556 worthOnTest=2.588894 ['from(design)/to(deployment)'=[0.430000..0.740000)] [reworkSaved=[0.000000..0.130000)] 
worthOnData=2.591056 worthOnTest=2.587698 [defectDensity=[16.000000..27.000000)] [reworkSaved=[0.000000..0.130000)] 
worthOnData=2.591129 worthOnTest=2.574859 ['from(design)/to(design)'=[41.919998..52.450001)] [reworkSaved=[0.000000..0.130000)] 
worthOnData=2.591592 worthOnTest=2.582748 ['from(requirements)/to(deployment)'=[0.220000..0.380000)] [reworkSaved=[0.000000..0.130000)] 
worthOnData=2.592041 worthOnTest=2.588643 ['from(programming)/to(integration)'=[25.910000..32.619999)] [reworkSaved=[0.000000..0.130000)] 
worthOnData=2.592700 worthOnTest=2.611729 ['from(programming)/to(programming)'=[119.540001..148.539993)] [reworkSaved=[0.000000..0.130000)] 
worthOnData=2.594104 worthOnTest=2.594509 ['from(design)/to(deployment)'=[1.050000..1.360000)] [reworkSaved=[0.000000..0.130000)] 
worthOnData=2.594212 worthOnTest=2.593007 ['from(requirements)/to(deployment)'=[0.540000..0.700000)] [reworkSaved=[0.000000..0.130000)] 
worthOnData=2.594707 worthOnTest=2.601638 ['from(design)/to(integration)'=[3.110000..4.000000)] [reworkSaved=[0.000000..0.130000)] 
worthOnData=2.594866 worthOnTest=2.587174 ['from(requirements)/to(integration)'=[1.700000..2.190000)] [reworkSaved=[0.000000..0.130000)] 
worthOnData=2.595514 worthOnTest=2.611627 ['from(requirements)/to(design)'=[3.160000..4.050000)] [reworkSaved=[0.000000..0.130000)] 
worthOnData=2.596312 worthOnTest=2.611779 ['from(design)/to(programming)'=[7.140000..9.100000)] [reworkSaved=[0.000000..0.130000)] 
worthOnData=2.598117 worthOnTest=2.577200 ['from(programming)/to(programming)'=[148.539993..203.970001)] [reworkSaved=[0.000000..0.130000)] 
worthOnData=2.598763 worthOnTest=2.596445 ['from(requirements)/to(programming)'=[2.500000..3.220000)] [reworkSaved=[0.000000..0.130000)] 
worthOnData=2.600568 worthOnTest=2.588945 [reworkSaved=[0.000000..0.130000)] [reworkByPhase=coyle99] 
worthOnData=2.609926 worthOnTest=2.603397 [ivv=integration] [reworkSaved=[0.000000..0.130000)] 

----- Trial 8: Treatments=14 -----
worthOnData=2.522288 worthOnTest=2.606999 ['from(design)/to(design)'=[52.400002..77.930000)] [reworkSaved=[0.000000..0.130000)] 
worthOnData=2.591558 worthOnTest=2.576203 ['from(design)/to(design)'=[41.889999..52.400002)] [reworkSaved=[0.000000..0.130000)] 
worthOnData=2.592269 worthOnTest=2.585806 ['from(programming)/to(integration)'=[25.990000..32.700001)] [reworkSaved=[0.000000..0.130000)] 
worthOnData=2.592867 worthOnTest=2.606653 ['from(requirements)/to(integration)'=[1.700000..2.190000)] [reworkSaved=[0.000000..0.130000)] 
worthOnData=2.593934 worthOnTest=2.596102 ['from(design)/to(deployment)'=[1.050000..1.360000)] [reworkSaved=[0.000000..0.130000)] 
worthOnData=2.594797 worthOnTest=2.597100 ['from(design)/to(integration)'=[3.130000..4.020000)] [reworkSaved=[0.000000..0.130000)] 
worthOnData=2.595606 worthOnTest=2.606236 ['from(requirements)/to(deployment)'=[0.550000..0.710000)] [reworkSaved=[0.000000..0.130000)] 
worthOnData=2.595788 worthOnTest=2.582414 ['from(programming)/to(programming)'=[119.559998..148.539993)] [reworkSaved=[0.000000..0.130000)] 
worthOnData=2.596316 worthOnTest=2.602310 ['from(requirements)/to(design)'=[3.160000..4.050000)] [reworkSaved=[0.000000..0.130000)] 
worthOnData=2.596750 worthOnTest=2.593233 ['from(programming)/to(programming)'=[148.539993..203.970001)] [reworkSaved=[0.000000..0.130000)] 
worthOnData=2.597841 worthOnTest=2.597020 ['from(design)/to(programming)'=[7.120000..9.080000)] [reworkSaved=[0.000000..0.130000)] 
worthOnData=2.598467 worthOnTest=2.591605 ['from(requirements)/to(programming)'=[2.520000..3.240000)] [reworkSaved=[0.000000..0.130000)] 
worthOnData=2.598604 worthOnTest=2.606548 [reworkSaved=[0.000000..0.130000)] [reworkByPhase=coyle99] 
worthOnData=2.608930 worthOnTest=2.612083 [ivv=integration] [reworkSaved=[0.000000..0.130000)] 

----- Trial 9: Treatments=13 -----
worthOnData=2.589709 worthOnTest=2.611704 ['from(programming)/to(integration)'=[25.920000..32.630001)] [reworkSaved=[0.000000..0.130000)] 
worthOnData=2.589736 worthOnTest=2.593565 ['from(design)/to(design)'=[41.939999..52.439999)] [reworkSaved=[0.000000..0.130000)] 
worthOnData=2.592250 worthOnTest=2.612083 ['from(design)/to(deployment)'=[1.050000..1.360000)] [reworkSaved=[0.000000..0.130000)] 
worthOnData=2.592693 worthOnTest=2.606915 ['from(requirements)/to(deployment)'=[0.540000..0.700000)] [reworkSaved=[0.000000..0.130000)] 
worthOnData=2.592723 worthOnTest=2.611828 ['from(programming)/to(programming)'=[119.440002..148.389999)] [reworkSaved=[0.000000..0.130000)] 
worthOnData=2.592737 worthOnTest=2.607164 ['from(requirements)/to(integration)'=[1.700000..2.190000)] [reworkSaved=[0.000000..0.130000)] 
worthOnData=2.593729 worthOnTest=2.606957 ['from(design)/to(integration)'=[3.130000..4.020000)] [reworkSaved=[0.000000..0.130000)] 
worthOnData=2.594951 worthOnTest=2.609440 ['from(programming)/to(programming)'=[148.389999..203.970001)] [reworkSaved=[0.000000..0.130000)] 
worthOnData=2.595080 worthOnTest=2.612493 ['from(requirements)/to(design)'=[3.170000..4.070000)] [reworkSaved=[0.000000..0.130000)] 
worthOnData=2.596373 worthOnTest=2.617469 ['from(requirements)/to(programming)'=[2.500000..3.220000)] [reworkSaved=[0.000000..0.130000)] 
worthOnData=2.597226 worthOnTest=2.602251 ['from(design)/to(programming)'=[7.140000..9.100000)] [reworkSaved=[0.000000..0.130000)] 
worthOnData=2.600173 worthOnTest=2.592398 [reworkSaved=[0.000000..0.130000)] [reworkByPhase=coyle99] 
worthOnData=2.609939 worthOnTest=2.603182 [ivv=integration] [reworkSaved=[0.000000..0.130000)] 
